<?xml version="1.0" encoding="UTF-8"?>
<!-- Generated by org.testng.reporters.JUnitReportReporter -->
<testsuite skipped="0" hostname="AvinashMacBook-Air.local" name="api.test.SearchProductListTest" tests="1" failures="0" timestamp="2024-01-19T14:41:28 IST" time="4.361" errors="0">
  <testcase name="verifySerchProductList_Data_With_InvalidCategoriesL1" time="4.361" classname="api.test.SearchProductListTest"/>
  <system-out/>
</testsuite> <!-- api.test.SearchProductListTest -->
