<?xml version="1.0" encoding="UTF-8"?>
<!-- Generated by org.testng.reporters.JUnitReportReporter -->
<testsuite skipped="0" hostname="AvinashMacBook-Air.local" name="api.test.ProductDetailTest" tests="1" failures="0" timestamp="2024-07-10T09:47:43 IST" time="0.854" errors="0">
  <testcase name="VerifyProductDetailStatusCodeWithValidData" time="0.854" classname="api.test.ProductDetailTest"/>
  <system-out/>
</testsuite> <!-- api.test.ProductDetailTest -->
