<?xml version="1.0" encoding="UTF-8"?>
<!-- Generated by org.testng.reporters.JUnitReportReporter -->
<testsuite skipped="0" hostname="AvinashMacBook-Air.local" name="api.test.SearchProductListTest" tests="1" failures="0" timestamp="2024-02-14T12:36:04 IST" time="4.198" errors="0">
  <testcase name="verifySerchProductList_error_errorCode_errorMessage_With_1ValidAnd1InvalidCatCD" time="4.198" classname="api.test.SearchProductListTest"/>
  <system-out/>
</testsuite> <!-- api.test.SearchProductListTest -->
