<?xml version="1.0" encoding="UTF-8"?>
<!-- Generated by org.testng.reporters.JUnitReportReporter -->
<testsuite skipped="0" hostname="AvinashMacBook-Air.local" name="api.test.Image" tests="1" failures="0" timestamp="2023-10-30T12:02:06 IST" time="4.222" errors="0">
  <testcase name="verifySerchProductList" time="4.222" classname="api.test.Image"/>
  <system-out/>
</testsuite> <!-- api.test.Image -->
