<?xml version="1.0" encoding="UTF-8"?>
<!-- Generated by org.testng.reporters.JUnitReportReporter -->
<testsuite skipped="0" hostname="AvinashMacBook-Air.local" name="api.test.CategoryTreeTest" tests="1" failures="1" timestamp="2024-07-01T15:50:27 IST" time="3.021" errors="0">
  <testcase name="VerifyCateforyTreeSchema" time="3.021" classname="api.test.CategoryTreeTest">
    <failure type="java.lang.AssertionError" message="1 expectation failed.
Response body doesn&#039;t match expectation.
Expected: The content to match the given JSON schema.
error: instance type (array) does not match any allowed primitive type (allowed: [&quot;object&quot;])
    level: &quot;error&quot;
    schema: {&quot;loadingURI&quot;:&quot;#&quot;,&quot;pointer&quot;:&quot;/properties/data&quot;}
    instance: {&quot;pointer&quot;:&quot;/data&quot;}
    domain: &quot;validation&quot;
    keyword: &quot;type&quot;
    found: &quot;array&quot;
    expected: [&quot;object&quot;]
error: instance type (null) does not match any allowed primitive type (allowed: [&quot;array&quot;])
    level: &quot;error&quot;
    schema: {&quot;loadingURI&quot;:&quot;#&quot;,&quot;pointer&quot;:&quot;/properties/errors&quot;}
    instance: {&quot;pointer&quot;:&quot;/errors&quot;}
    domain: &quot;validation&quot;
    keyword: &quot;type&quot;
    found: &quot;null&quot;
    expected: [&quot;array&quot;]

  Actual: {&quot;error&quot;:false,&quot;errors&quot;:null,&quot;data&quot;:[{&quot;categoryDetailList&quot;:null,&quot;PARENT_CATG_CODE&quot;:&quot;P_ACC&quot;,&quot;PARENT_CATG_DESC&quot;:&quot;Accessories&quot;},{&quot;categoryDetailList&quot;:[{&quot;CATG_DESC&quot;:&quot;AC Blower &amp; Components&quot;,&quot;CATG_CODE&quot;:&quot;W_ACB&quot;,&quot;SUBCATG_DETAILS_LIST&quot;:[{&quot;SUBCATG_DESC&quot;:&quot;AC Blower&quot;,&quot;SUBCATG_CODE&quot;:&quot;ACBLW&quot;},{&quot;SUBCATG_DESC&quot;:&quot;AC Blower Components&quot;,&quot;SUBCATG_CODE&quot;:&quot;ACBLC&quot;}]},{&quot;CATG_DESC&quot;:&quot;AC Components&quot;,&quot;CATG_CODE&quot;:&quot;W_ACS&quot;,&quot;SUBCATG_DETAILS_LIST&quot;:[{&quot;SUBCATG_DESC&quot;:&quot;AC Belt Tensioner&quot;,&quot;SUBCATG_CODE&quot;:&quot;ACCBT&quot;},{&quot;SUBCATG_DESC&quot;:&quot;AC Kit&quot;,&quot;SUBCATG_CODE&quot;:&quot;ACKIT&quot;},{&quot;SUBCATG_DESC&quot;:&quot;AC Sensors &amp; Components&quot;,&quot;SUBCATG_CODE&quot;:&quot;ACSEC&quot;},{&quot;SUBCATG_DESC&quot;:&quot;AC Shroud&quot;,&quot;SUBCATG_CODE&quot;:&quot;ACSHR&quot;},{&quot;SUBCATG_DESC&quot;:&quot;Control Unit&quot;,&quot;SUBCATG_CODE&quot;:&quot;ACCNT&quot;},{&quot;SUBCATG_DESC&quot;:&quot;Cooling Unit&quot;,&quot;SUBCATG_CODE&quot;:&quot;ACCCU&quot;},{&quot;SUBCATG_DESC&quot;:&quot;Cooling Unit-Rear&quot;,&quot;SUBCATG_CODE&quot;:&quot;ACCUR&quot;},{&quot;SUBCATG_DESC&quot;:&quot;Discharge Hose&quot;,&quot;SUBCATG_CODE&quot;:&quot;ACCDH&quot;},{&quot;SUBCATG_DESC&quot;:&quot;Expansion Valve&quot;,&quot;SUBCATG_CODE&quot;:&quot;ACCEV&quot;},{&quot;SUBCATG_DESC&quot;:&quot;Fan Assembly&quot;,&quot;SUBCATG_CODE&quot;:&quot;ACCFA&quot;},{&quot;SUBCATG_DESC&quot;:&quot;Liquid Pipe&quot;,&quot;SUBCATG_CODE&quot;:&quot;ACCLP&quot;},{&quot;SUBCATG_DESC&quot;:&quot;Magnetic Clutch&quot;,&quot;SUBCATG_CODE&quot;:&quot;ACMAG&quot;},{&quot;SUBCATG_DESC&quot;:&quot;Resistor&quot;,&quot;SUBCATG_CODE&quot;:&quot;ACCRT&quot;},{&quot;SUBCATG_DESC&quot;:&quot;Side Vent&quot;,&quot;SUBCATG_CODE&quot;:&quot;ACCSV&quot;},{&quot;SUBCATG_DESC&quot;:&quot;Suction Hose&quot;,&quot;SUBCATG_CODE&quot;:&quot;ACCSH&quot;}]},{&quot;CATG_DESC&quot;:&quot;AC Compressor&quot;,&quot;CATG_CODE&quot;:&quot;W_ACP&quot;,&quot;SUBCATG_DETAILS_LIST&quot;:[{&quot;SUBCATG_DESC&quot;:&quot;AC Belt&quot;,&quot;SUBCATG_CODE&quot;:&quot;ACBEL&quot;},{&quot;SUBCATG_DESC&quot;:&quot;Compressor Assembly&quot;,&quot;SUBCATG_CODE&quot;:&quot;ACCMP&quot;}]},{&quot;CATG_DESC&quot;:&quot;AC Condensor Assembly&quot;,&quot;CATG_CODE&quot;:&quot;W_ACO&quot;,&quot;SUBCATG_DETAILS_LIST&quot;:[{&quot;SUBCATG_DESC&quot;:&quot;CONDENSOR ASSEMBLY&quot;,&quot;SUBCATG_CODE&quot;:&quot;ACCON&quot;}]},{&quot;CATG_DESC&quot;:&quot;AC Evaporator&quot;,&quot;CATG_CODE&quot;:&quot;W_ACT&quot;,&quot;SUBCATG_DETAILS_LIST&quot;:[{&quot;SUBCATG_DESC&quot;:&quot;Evaporator&quot;,&quot;SUBCATG_CODE&quot;:&quot;ACEVA&quot;}]},{&quot;CATG_DESC&quot;:&quot;AC Heater Unit&quot;,&quot;CATG_CODE&quot;:&quot;W_ACU&quot;,&quot;SUBCATG_DETAILS_LIST&quot;:[{&quot;SUBCATG_DESC&quot;:&quot;Heater Core&quot;,&quot;SUBCATG_CODE&quot;:&quot;ACCHC&quot;},{&quot;SUBCATG_DESC&quot;:&quot;Heater Unit&quot;,&quot;SUBCATG_CODE&quot;:&quot;ACCHU&quot;}]}],&quot;PARENT_CATG_CODE&quot;:&quot;P_ACG&quot;,&quot;PARENT_CATG_DESC&quot;:&quot;Air Conditioning&quot;},{&quot;categoryDetailList&quot;:[{&quot;CATG_DESC&quot;:&quot;Body - Others&quot;,&quot;CATG_CODE&quot;:&quot;W_BDS&quot;,&quot;SUBCATG_DETAILS_LIST&quot;:[{&quot;SUBCATG_DESC&quot;:&quot;Apron - Member Panel&quot;,&quot;SUBCATG_CODE&quot;:&quot;PAAPR&quot;},{&quot;SUBCATG_DESC&quot;:&quot;Carpets&quot;,&quot;SUBCATG_CODE&quot;:&quot;CAPET&quot;},{&quot;SUBCATG_DESC&quot;:&quot;Cowl -Member, Panel, Garnish&quot;,&quot;SUBCATG_CODE&quot;:&quot;COMPG&quot;},{&quot;SUBCATG_DESC&quot;:&quot;Cut Panels&quot;,&quot;SUBCATG_CODE&quot;:&quot;CUTPA&quot;},{&quot;SUBCATG_DESC&quot;:&quot;Dash Panel&quot;,&quot;SUBCATG_CODE&quot;:&quot;DAPAN&quot;},{&quot;SUBCATG_DESC&quot;:&quot;Engine Cover&quot;,&quot;SUBCATG_CODE&quot;:&quot;ENCOV&quot;},{&quot;SUBCATG_DESC&quot;:&quot;Floor Panel &amp; Chasis&quot;,&quot;SUBCATG_CODE&quot;:&quot;FLPAM&quot;},{&quot;SUBCATG_DESC&quot;:&quot;Fuel Tank Cap&quot;,&quot;SUBCATG_CODE&quot;:&quot;BFTCA&quot;},{&quot;SUBCATG_DESC&quot;:&quot;Glove Box Parts&quot;,&quot;SUBCATG_CODE&quot;:&quot;GLBXP&quot;},{&quot;SUBCATG_DESC&quot;:&quot;Hinges&quot;,&quot;SUBCATG_CODE&quot;:&quot;HINGE&quot;},{&quot;SUBCATG_DESC&quot;:&quot;Hood Release Cable&quot;,&quot;SUBCATG_CODE&quot;:&quot;HORCA&quot;},{&quot;SUBCATG_DESC&quot;:&quot;Instrument Panel&quot;,&quot;SUBCATG_CODE&quot;:&quot;INPAN&quot;},{&quot;SUBCATG_DESC&quot;:&quot;Lamp Support&quot;,&quot;SUBCATG_CODE&quot;:&quot;PALAS&quot;},{&quot;SUBCATG_DESC&quot;:&quot;Mud Flap&quot;,&quot;SUBCATG_CODE&quot;:&quot;MUFLA&quot;},{&quot;SUBCATG_DESC&quot;:&quot;Panel - Wheel House&quot;,&quot;SUBCATG_CODE&quot;:&quot;PAWHO&quot;},{&quot;SUBCATG_DESC&quot;:&quot;Roof Lining, Molding&quot;,&quot;SUBCATG_CODE&quot;:&quot;ROLMR&quot;},{&quot;SUBCATG_DESC&quot;:&quot;Sash Component&quot;,&quot;SUBCATG_CODE&quot;:&quot;SASHC&quot;},{&quot;SUBCATG_DESC&quot;:&quot;Steering Support Member&quot;,&quot;SUBCATG_CODE&quot;:&quot;STSUM&quot;},{&quot;SUBCATG_DESC&quot;:&quot;Sunroof Components&quot;,&quot;SUBCATG_CODE&quot;:&quot;SNRFC&quot;},{&quot;SUBCATG_DESC&quot;:&quot;Trims&quot;,&quot;SUBCATG_CODE&quot;:&quot;TRIMS&quot;},{&quot;SUBCATG_DESC&quot;:&quot;Vents - Louver&quot;,&quot;SUBCATG_CODE&quot;:&quot;VELOU&quot;}]},{&quot;CATG_DESC&quot;:&quot;Body Components&quot;,&quot;CATG_CODE&quot;:&quot;W_BDO&quot;,&quot;SUBCATG_DETAILS_LIST&quot;:[{&quot;SUBCATG_DESC&quot;:&quot;Auto AC Panel&quot;,&quot;SUBCATG_CODE&quot;:&quot;BYACP&quot;},{&quot;SUBCATG_DESC&quot;:&quot;Battery Bolt&quot;,&quot;SUBCATG_CODE&quot;:&quot;BDBOL&quot;},{&quot;SUBCATG_DESC&quot;:&quot;Battery Tray &amp; Cover&quot;,&quot;SUBCATG_CODE&quot;:&quot;BDBAT&quot;},{&quot;SUBCATG_DESC&quot;:&quot;Body Part - Miscellaneous&quot;,&quot;SUBCATG_CODE&quot;:&quot;BDYMS&quot;},{&quot;SUBCATG_DESC&quot;:&quot;Door Components&quot;,&quot;SUBCATG_CODE&quot;:&quot;DRCMP&quot;},{&quot;SUBCATG_DESC&quot;:&quot;Door Knob&quot;,&quot;SUBCATG_CODE&quot;:&quot;BDDRK&quot;},{&quot;SUBCATG_DESC&quot;:&quot;Front Bumper Cap&quot;,&quot;SUBCATG_CODE&quot;:&quot;BUMCP&quot;},{&quot;SUBCATG_DESC&quot;:&quot;Garnishing &quot;,&quot;SUBCATG_CODE&quot;:&quot;GARBF&quot;},{&quot;SUBCATG_DESC&quot;:&quot;Glass Run&quot;,&quot;SUBCATG_CODE&quot;:&quot;BDYGR&quot;},{&quot;SUBCATG_DESC&quot;:&quot;Outside Front Door Handle&quot;,&quot;SUBCATG_CODE&quot;:&quot;OFDRH&quot;},{&quot;SUBCATG_DESC&quot;:&quot;Pad&quot;,&quot;SUBCATG_CODE&quot;:&quot;BDYPA&quot;},{&quot;SUBCATG_DESC&quot;:&quot;Side Body Panels&quot;,&quot;SUBCATG_CODE&quot;:&quot;SBPLH&quot;},{&quot;SUBCATG_DESC&quot;:&quot;Weatherstrip&quot;,&quot;SUBCATG_CODE&quot;:&quot;BDYWT&quot;}]},{&quot;CATG_DESC&quot;:&quot;Body Exteriors&quot;,&quot;CATG_CODE&quot;:&quot;W_BDE&quot;,&quot;SUBCATG_DETAILS_LIST&quot;:[{&quot;SUBCATG_DESC&quot;:&quot;Back Banel&quot;,&quot;SUBCATG_CODE&quot;:&quot;BDEBP&quot;},{&quot;SUBCATG_DESC&quot;:&quot;Body Exterior - Components&quot;,&quot;SUBCATG_CODE&quot;:&quot;BDYEC&quot;},{&quot;SUBCATG_DESC&quot;:&quot;Body Panel - Bonnet&quot;,&quot;SUBCATG_CODE&quot;:&quot;BDPBT&quot;},{&quot;SUBCATG_DESC&quot;:&quot;Body Panel - Dicky Door&quot;,&quot;SUBCATG_CODE&quot;:&quot;BDPDD&quot;},{&quot;SUBCATG_DESC&quot;:&quot;Body Panel - Fenders&quot;,&quot;SUBCATG_CODE&quot;:&quot;BDPFR&quot;},{&quot;SUBCATG_DESC&quot;:&quot;Body Panel - Front Doors&quot;,&quot;SUBCATG_CODE&quot;:&quot;BDFDR&quot;},{&quot;SUBCATG_DESC&quot;:&quot;Body Panel - Rear Doors&quot;,&quot;SUBCATG_CODE&quot;:&quot;BDRDR&quot;},{&quot;SUBCATG_DESC&quot;:&quot;Body Panel - Roof&quot;,&quot;SUBCATG_CODE&quot;:&quot;BDPRO&quot;},{&quot;SUBCATG_DESC&quot;:&quot;BODYSHELL&quot;,&quot;SUBCATG_CODE&quot;:&quot;BDYSL&quot;},{&quot;SUBCATG_DESC&quot;:&quot;Cross Memebr&quot;,&quot;SUBCATG_CODE&quot;:&quot;BDYCM&quot;},{&quot;SUBCATG_DESC&quot;:&quot;Door Tape&quot;,&quot;SUBCATG_CODE&quot;:&quot;DOTAP&quot;},{&quot;SUBCATG_DESC&quot;:&quot;Emblems&quot;,&quot;SUBCATG_CODE&quot;:&quot;BDEMB&quot;},{&quot;SUBCATG_DESC&quot;:&quot;Fender Linings&quot;,&quot;SUBCATG_CODE&quot;:&quot;FENLL&quot;},{&quot;SUBCATG_DESC&quot;:&quot;Quarter Panels&quot;,&quot;SUBCATG_CODE&quot;:&quot;QTRPL&quot;}]},{&quot;CATG_DESC&quot;:&quot;Body Interiors&quot;,&quot;CATG_CODE&quot;:&quot;W_BDI&quot;,&quot;SUBCATG_DETAILS_LIST&quot;:[{&quot;SUBCATG_DESC&quot;:&quot;Body Interior - Components&quot;,&quot;SUBCATG_CODE&quot;:&quot;BINTC&quot;},{&quot;SUBCATG_DESC&quot;:&quot;Body Interiors - Covers&quot;,&quot;SUBCATG_CODE&quot;:&quot;BDICO&quot;},{&quot;SUBCATG_DESC&quot;:&quot;Front Door Latch&quot;,&quot;SUBCATG_CODE&quot;:&quot;LAFDR&quot;},{&quot;SUBCATG_DESC&quot;:&quot;Fuel Tank&quot;,&quot;SUBCATG_CODE&quot;:&quot;BDFUT&quot;},{&quot;SUBCATG_DESC&quot;:&quot;Glass Machine - Front Door&quot;,&quot;SUBCATG_CODE&quot;:&quot;GMFDR&quot;},{&quot;SUBCATG_DESC&quot;:&quot;Glass Machine - Rear Door&quot;,&quot;SUBCATG_CODE&quot;:&quot;GMRDR&quot;},{&quot;SUBCATG_DESC&quot;:&quot;Latch -Trunk Lid_Back Door&quot;,&quot;SUBCATG_CODE&quot;:&quot;LATBD&quot;},{&quot;SUBCATG_DESC&quot;:&quot;Rear Door Latch&quot;,&quot;SUBCATG_CODE&quot;:&quot;LARDR&quot;}]},{&quot;CATG_DESC&quot;:&quot;Bumpers &amp; Grilles&quot;,&quot;CATG_CODE&quot;:&quot;W_BUM&quot;,&quot;SUBCATG_DETAILS_LIST&quot;:[{&quot;SUBCATG_DESC&quot;:&quot;Bumper Grille&quot;,&quot;SUBCATG_CODE&quot;:&quot;BUMGR&quot;},{&quot;SUBCATG_DESC&quot;:&quot;Bumper Member&quot;,&quot;SUBCATG_CODE&quot;:&quot;BUMME&quot;},{&quot;SUBCATG_DESC&quot;:&quot;Bumper Others&quot;,&quot;SUBCATG_CODE&quot;:&quot;BUMOT&quot;},{&quot;SUBCATG_DESC&quot;:&quot;Fog Lamp Bezel&quot;,&quot;SUBCATG_CODE&quot;:&quot;FOGLB&quot;},{&quot;SUBCATG_DESC&quot;:&quot;Front Bumper&quot;,&quot;SUBCATG_CODE&quot;:&quot;BUMFR&quot;},{&quot;SUBCATG_DESC&quot;:&quot;Front Bumper Holders&quot;,&quot;SUBCATG_CODE&quot;:&quot;FBBRR&quot;},{&quot;SUBCATG_DESC&quot;:&quot;Rear Bumper&quot;,&quot;SUBCATG_CODE&quot;:&quot;BUMRR&quot;},{&quot;SUBCATG_DESC&quot;:&quot;Rear Bumper Holders&quot;,&quot;SUBCATG_CODE&quot;:&quot;RBBRR&quot;}]},{&quot;CATG_DESC&quot;:&quot;Glass &amp; Windshield&quot;,&quot;CATG_CODE&quot;:&quot;W_GLA&quot;,&quot;SUBCATG_DETAILS_LIST&quot;:[{&quot;SUBCATG_DESC&quot;:&quot;Front Windshield&quot;,&quot;SUBCATG_CODE&quot;:&quot;GLFRW&quot;},{&quot;SUBCATG_DESC&quot;:&quot;Rear Glass&quot;,&quot;SUBCATG_CODE&quot;:&quot;GLDRR&quot;},{&quot;SUBCATG_DESC&quot;:&quot;Side Door Glass&quot;,&quot;SUBCATG_CODE&quot;:&quot;GLQDR&quot;},{&quot;SUBCATG_DESC&quot;:&quot;Windshield Molding&quot;,&quot;SUBCATG_CODE&quot;:&quot;GLAWM&quot;}]},{&quot;CATG_DESC&quot;:&quot;Mirrors&quot;,&quot;CATG_CODE&quot;:&quot;W_RVM&quot;,&quot;SUBCATG_DETAILS_LIST&quot;:[{&quot;SUBCATG_DESC&quot;:&quot;Inside Rear View Mirror &quot;,&quot;SUBCATG_CODE&quot;:&quot;RVMIN&quot;},{&quot;SUBCATG_DESC&quot;:&quot;Rear View Mirror Components&quot;,&quot;SUBCATG_CODE&quot;:&quot;RVMCP&quot;},{&quot;SUBCATG_DESC&quot;:&quot;Rear View Mirrors&quot;,&quot;SUBCATG_CODE&quot;:&quot;RVMER&quot;},{&quot;SUBCATG_DESC&quot;:&quot;Sun Visor&quot;,&quot;SUBCATG_CODE&quot;:&quot;SUVIS&quot;}]},{&quot;CATG_DESC&quot;:&quot;Safety&quot;,&quot;CATG_CODE&quot;:&quot;W_SAF&quot;,&quot;SUBCATG_DETAILS_LIST&quot;:[{&quot;SUBCATG_DESC&quot;:&quot;Air Bag Module&quot;,&quot;SUBCATG_CODE&quot;:&quot;ABMCP&quot;},{&quot;SUBCATG_DESC&quot;:&quot;Front Seat Belts&quot;,&quot;SUBCATG_CODE&quot;:&quot;SBFRL&quot;},{&quot;SUBCATG_DESC&quot;:&quot;Rear Seat Belts&quot;,&quot;SUBCATG_CODE&quot;:&quot;SBREA&quot;},{&quot;SUBCATG_DESC&quot;:&quot;Seat Belt (w/o Buckle) - Fr.Left&quot;,&quot;SUBCATG_CODE&quot;:&quot;SBWOL&quot;}]}],&quot;PARENT_CATG_CODE&quot;:&quot;P_BDY&quot;,&quot;PARENT_CATG_DESC&quot;:&quot;Body&quot;},{&quot;categoryDetailList&quot;:[{&quot;CATG_DESC&quot;:&quot;Car Wash&quot;,&quot;CATG_CODE&quot;:&quot;W_CWS&quot;,&quot;SUBCATG_DETAILS_LIST&quot;:[{&quot;SUBCATG_DESC&quot;:&quot;Dry Wash Liquid Foam&quot;,&quot;SUBCATG_CODE&quot;:&quot;CNDWF&quot;},{&quot;SUBCATG_DESC&quot;:&quot;Fiber Cloth&quot;,&quot;SUBCATG_CODE&quot;:&quot;CNFBC&quot;}]},{&quot;CATG_DESC&quot;:&quot;Coolant &amp; Brake fluid&quot;,&quot;CATG_CODE&quot;:&quot;W_FLU&quot;,&quot;SUBCATG_DETAILS_LIST&quot;:[{&quot;SUBCATG_DESC&quot;:&quot;Brake Fluid&quot;,&quot;SUBCATG_CODE&quot;:&quot;BRKFL&quot;},{&quot;SUBCATG_DESC&quot;:&quot;Coolant&quot;,&quot;SUBCATG_CODE&quot;:&quot;COLRP&quot;}]},{&quot;CATG_DESC&quot;:&quot;Corrosion Protection&quot;,&quot;CATG_CODE&quot;:&quot;W_CCP&quot;,&quot;SUBCATG_DETAILS_LIST&quot;:[{&quot;SUBCATG_DESC&quot;:&quot;Butyl Sealing&quot;,&quot;SUBCATG_CODE&quot;:&quot;CNBUS&quot;},{&quot;SUBCATG_DESC&quot;:&quot;Hinge Relief Wax&quot;,&quot;SUBCATG_CODE&quot;:&quot;CNHRW&quot;},{&quot;SUBCATG_DESC&quot;:&quot;Rust Smash&quot;,&quot;SUBCATG_CODE&quot;:&quot;CNRUS&quot;}]},{&quot;CATG_DESC&quot;:&quot;Grease &amp; Oil&quot;,&quot;CATG_CODE&quot;:&quot;W_CGC&quot;,&quot;SUBCATG_DETAILS_LIST&quot;:[{&quot;SUBCATG_DESC&quot;:&quot;AT &amp; CVD Fluid&quot;,&quot;SUBCATG_CODE&quot;:&quot;CATVT&quot;},{&quot;SUBCATG_DESC&quot;:&quot;Compressor Oil&quot;,&quot;SUBCATG_CODE&quot;:&quot;CNCPO&quot;},{&quot;SUBCATG_DESC&quot;:&quot;Gear Oil&quot;,&quot;SUBCATG_CODE&quot;:&quot;GEARO&quot;},{&quot;SUBCATG_DESC&quot;:&quot;Grease For Repair&quot;,&quot;SUBCATG_CODE&quot;:&quot;CNGRE&quot;}]},{&quot;CATG_DESC&quot;:&quot;Hardware&quot;,&quot;CATG_CODE&quot;:&quot;W_CHD&quot;,&quot;SUBCATG_DETAILS_LIST&quot;:[{&quot;SUBCATG_DESC&quot;:&quot;Bearings&quot;,&quot;SUBCATG_CODE&quot;:&quot;HDBRG&quot;},{&quot;SUBCATG_DESC&quot;:&quot;Bolts &amp; Screws&quot;,&quot;SUBCATG_CODE&quot;:&quot;CNHDB&quot;},{&quot;SUBCATG_DESC&quot;:&quot;Circlip&quot;,&quot;SUBCATG_CODE&quot;:&quot;CIRCL&quot;},{&quot;SUBCATG_DESC&quot;:&quot;Clamps&quot;,&quot;SUBCATG_CODE&quot;:&quot;CNHDC&quot;},{&quot;SUBCATG_DESC&quot;:&quot;Clips&quot;,&quot;SUBCATG_CODE&quot;:&quot;CNHDI&quot;},{&quot;SUBCATG_DESC&quot;:&quot;Hardware - Others&quot;,&quot;SUBCATG_CODE&quot;:&quot;HAROT&quot;},{&quot;SUBCATG_DESC&quot;:&quot;Nuts&quot;,&quot;SUBCATG_CODE&quot;:&quot;CNHDN&quot;},{&quot;SUBCATG_DESC&quot;:&quot;O Rings&quot;,&quot;SUBCATG_CODE&quot;:&quot;HDORI&quot;},{&quot;SUBCATG_DESC&quot;:&quot;Seals&quot;,&quot;SUBCATG_CODE&quot;:&quot;TCHDS&quot;},{&quot;SUBCATG_DESC&quot;:&quot;Washer&quot;,&quot;SUBCATG_CODE&quot;:&quot;WASHE&quot;}]},{&quot;CATG_DESC&quot;:&quot;Hygiene Mats&quot;,&quot;CATG_CODE&quot;:&quot;W_CPF&quot;,&quot;SUBCATG_DETAILS_LIST&quot;:[{&quot;SUBCATG_DESC&quot;:&quot;Paper Floor Mat&quot;,&quot;SUBCATG_CODE&quot;:&quot;CNPFM&quot;}]},{&quot;CATG_DESC&quot;:&quot;Interior Covers&quot;,&quot;CATG_CODE&quot;:&quot;W_CIP&quot;,&quot;SUBCATG_DETAILS_LIST&quot;:[{&quot;SUBCATG_DESC&quot;:&quot;Interior Protection Covers&quot;,&quot;SUBCATG_CODE&quot;:&quot;CNIPC&quot;}]},{&quot;CATG_DESC&quot;:&quot;Masking Products&quot;,&quot;CATG_CODE&quot;:&quot;W_CMP&quot;,&quot;SUBCATG_DETAILS_LIST&quot;:[{&quot;SUBCATG_DESC&quot;:&quot;Body Filler&quot;,&quot;SUBCATG_CODE&quot;:&quot;CNBDF&quot;},{&quot;SUBCATG_DESC&quot;:&quot;Masking Paper&quot;,&quot;SUBCATG_CODE&quot;:&quot;CNMAP&quot;},{&quot;SUBCATG_DESC&quot;:&quot;Masking Tape&quot;,&quot;SUBCATG_CODE&quot;:&quot;CNMAT&quot;},{&quot;SUBCATG_DESC&quot;:&quot;Over Protective Sheet&quot;,&quot;SUBCATG_CODE&quot;:&quot;CNOPS&quot;},{&quot;SUBCATG_DESC&quot;:&quot;Putty Paste&quot;,&quot;SUBCATG_CODE&quot;:&quot;CNPUT&quot;}]},{&quot;CATG_DESC&quot;:&quot;Sealants &amp; Paste&quot;,&quot;CATG_CODE&quot;:&quot;W_CSP&quot;,&quot;SUBCATG_DETAILS_LIST&quot;:[{&quot;SUBCATG_DESC&quot;:&quot;3M Bond&quot;,&quot;SUBCATG_CODE&quot;:&quot;CNTMB&quot;},{&quot;SUBCATG_DESC&quot;:&quot;Anabond&quot;,&quot;SUBCATG_CODE&quot;:&quot;CNANA&quot;},{&quot;SUBCATG_DESC&quot;:&quot;Body Sealant&quot;,&quot;SUBCATG_CODE&quot;:&quot;CNBDS&quot;},{&quot;SUBCATG_DESC&quot;:&quot;Loctite&quot;,&quot;SUBCATG_CODE&quot;:&quot;CNLOC&quot;},{&quot;SUBCATG_DESC&quot;:&quot;Windshield Sealant&quot;,&quot;SUBCATG_CODE&quot;:&quot;CNWSL&quot;}]}],&quot;PARENT_CATG_CODE&quot;:&quot;P_CCC&quot;,&quot;PARENT_CATG_DESC&quot;:&quot;Car Care&quot;},{&quot;categoryDetailList&quot;:[{&quot;CATG_DESC&quot;:&quot;Car Dicky Tools&quot;,&quot;CATG_CODE&quot;:&quot;W_CDT&quot;,&quot;SUBCATG_DETAILS_LIST&quot;:[{&quot;SUBCATG_DESC&quot;:&quot;Car Jack &quot;,&quot;SUBCATG_CODE&quot;:&quot;JAKAC&quot;},{&quot;SUBCATG_DESC&quot;:&quot;Spare Tire Components&quot;,&quot;SUBCATG_CODE&quot;:&quot;SPTIR&quot;}]}],&quot;PARENT_CATG_CODE&quot;:&quot;P_DIY&quot;,&quot;PARENT_CATG_DESC&quot;:&quot;Do It Yourself&quot;},{&quot;categoryDetailList&quot;:[{&quot;CATG_DESC&quot;:&quot;Alternator &amp; Starter&quot;,&quot;CATG_CODE&quot;:&quot;W_EAS&quot;,&quot;SUBCATG_DETAILS_LIST&quot;:[{&quot;SUBCATG_DESC&quot;:&quot;Alternator Assembly&quot;,&quot;SUBCATG_CODE&quot;:&quot;ALTAS&quot;},{&quot;SUBCATG_DESC&quot;:&quot;Belt - Generator&quot;,&quot;SUBCATG_CODE&quot;:&quot;BELTA&quot;},{&quot;SUBCATG_DESC&quot;:&quot;Generator Bracket&quot;,&quot;SUBCATG_CODE&quot;:&quot;AGEBR&quot;},{&quot;SUBCATG_DESC&quot;:&quot;Starter Assembly&quot;,&quot;SUBCATG_CODE&quot;:&quot;STRTA&quot;}]},{&quot;CATG_DESC&quot;:&quot;Audio &amp; Navigation System&quot;,&quot;CATG_CODE&quot;:&quot;W_ECA&quot;,&quot;SUBCATG_DETAILS_LIST&quot;:[{&quot;SUBCATG_DESC&quot;:&quot;Antenna Components&quot;,&quot;SUBCATG_CODE&quot;:&quot;ANTEC&quot;},{&quot;SUBCATG_DESC&quot;:&quot;Front &amp; Rear Camera&quot;,&quot;SUBCATG_CODE&quot;:&quot;RRCAM&quot;},{&quot;SUBCATG_DESC&quot;:&quot;Navigation Chip&quot;,&quot;SUBCATG_CODE&quot;:&quot;NAVIC&quot;},{&quot;SUBCATG_DESC&quot;:&quot;Navigation Unit Assembly&quot;,&quot;SUBCATG_CODE&quot;:&quot;NAVUA&quot;},{&quot;SUBCATG_DESC&quot;:&quot;Speaker Assembly&quot;,&quot;SUBCATG_CODE&quot;:&quot;SPEAK&quot;},{&quot;SUBCATG_DESC&quot;:&quot;Tuner Assembly&quot;,&quot;SUBCATG_CODE&quot;:&quot;TUNRA&quot;},{&quot;SUBCATG_DESC&quot;:&quot;Usb &amp; Aux&quot;,&quot;SUBCATG_CODE&quot;:&quot;USBAU&quot;}]},{&quot;CATG_DESC&quot;:&quot;Electrical Components&quot;,&quot;CATG_CODE&quot;:&quot;W_EEC&quot;,&quot;SUBCATG_DETAILS_LIST&quot;:[{&quot;SUBCATG_DESC&quot;:&quot;Battery Band&quot;,&quot;SUBCATG_CODE&quot;:&quot;BATBA&quot;},{&quot;SUBCATG_DESC&quot;:&quot;Battery Pack assy&quot;,&quot;SUBCATG_CODE&quot;:&quot;BATPA&quot;},{&quot;SUBCATG_DESC&quot;:&quot;Electrical Hardware&quot;,&quot;SUBCATG_CODE&quot;:&quot;ELHRD&quot;},{&quot;SUBCATG_DESC&quot;:&quot;Fuses&quot;,&quot;SUBCATG_CODE&quot;:&quot;ELFUS&quot;},{&quot;SUBCATG_DESC&quot;:&quot;Junction Box Assembly&quot;,&quot;SUBCATG_CODE&quot;:&quot;ELJBO&quot;},{&quot;SUBCATG_DESC&quot;:&quot;Remote Control Assembly&quot;,&quot;SUBCATG_CODE&quot;:&quot;RECOA&quot;},{&quot;SUBCATG_DESC&quot;:&quot;Siren&quot;,&quot;SUBCATG_CODE&quot;:&quot;ELSIR&quot;},{&quot;SUBCATG_DESC&quot;:&quot;Speedometer&quot;,&quot;SUBCATG_CODE&quot;:&quot;ELSPM&quot;},{&quot;SUBCATG_DESC&quot;:&quot;Terminals&quot;,&quot;SUBCATG_CODE&quot;:&quot;ELTER&quot;},{&quot;SUBCATG_DESC&quot;:&quot;Wireless Charger&quot;,&quot;SUBCATG_CODE&quot;:&quot;WIREC&quot;}]},{&quot;CATG_DESC&quot;:&quot;Horns &amp; Relay&quot;,&quot;CATG_CODE&quot;:&quot;W_EHR&quot;,&quot;SUBCATG_DETAILS_LIST&quot;:[{&quot;SUBCATG_DESC&quot;:&quot;Horns&quot;,&quot;SUBCATG_CODE&quot;:&quot;ELHOR&quot;},{&quot;SUBCATG_DESC&quot;:&quot;Relay&quot;,&quot;SUBCATG_CODE&quot;:&quot;ELREL&quot;},{&quot;SUBCATG_DESC&quot;:&quot;Relay Box Cover&quot;,&quot;SUBCATG_CODE&quot;:&quot;REBOX&quot;}]},{&quot;CATG_DESC&quot;:&quot;Ignition Components&quot;,&quot;CATG_CODE&quot;:&quot;W_EIC&quot;,&quot;SUBCATG_DETAILS_LIST&quot;:[{&quot;SUBCATG_DESC&quot;:&quot;Distributor Assy&quot;,&quot;SUBCATG_CODE&quot;:&quot;IGDIA&quot;},{&quot;SUBCATG_DESC&quot;:&quot;Glow Plug Controller&quot;,&quot;SUBCATG_CODE&quot;:&quot;IGGPC&quot;},{&quot;SUBCATG_DESC&quot;:&quot;Ignition Coil&quot;,&quot;SUBCATG_CODE&quot;:&quot;IGNCO&quot;},{&quot;SUBCATG_DESC&quot;:&quot;Ignition Cord Set&quot;,&quot;SUBCATG_CODE&quot;:&quot;IGNCH&quot;}]},{&quot;CATG_DESC&quot;:&quot;Lighting&quot;,&quot;CATG_CODE&quot;:&quot;W_ELL&quot;,&quot;SUBCATG_DETAILS_LIST&quot;:[{&quot;SUBCATG_DESC&quot;:&quot;Bulb - Fog &amp; Head lamp&quot;,&quot;SUBCATG_CODE&quot;:&quot;BULFH&quot;},{&quot;SUBCATG_DESC&quot;:&quot;Bulb - Fog lamp&quot;,&quot;SUBCATG_CODE&quot;:&quot;BULFG&quot;},{&quot;SUBCATG_DESC&quot;:&quot;Bulb - Front lamp&quot;,&quot;SUBCATG_CODE&quot;:&quot;BULFL&quot;},{&quot;SUBCATG_DESC&quot;:&quot;Bulb - Indicator&quot;,&quot;SUBCATG_CODE&quot;:&quot;BULIN&quot;},{&quot;SUBCATG_DESC&quot;:&quot;Bulb - Reverse lamp&quot;,&quot;SUBCATG_CODE&quot;:&quot;BULRL&quot;},{&quot;SUBCATG_DESC&quot;:&quot;Bulb - Roof lamp&quot;,&quot;SUBCATG_CODE&quot;:&quot;BULUL&quot;},{&quot;SUBCATG_DESC&quot;:&quot;Bulb - Tail light&quot;,&quot;SUBCATG_CODE&quot;:&quot;BULTL&quot;},{&quot;SUBCATG_DESC&quot;:&quot;Bulb- Head Lamp&quot;,&quot;SUBCATG_CODE&quot;:&quot;BULHL&quot;},{&quot;SUBCATG_DESC&quot;:&quot;Fog Lamp Assembly&quot;,&quot;SUBCATG_CODE&quot;:&quot;FOGLA&quot;},{&quot;SUBCATG_DESC&quot;:&quot;Front Indicators&quot;,&quot;SUBCATG_CODE&quot;:&quot;FINDR&quot;},{&quot;SUBCATG_DESC&quot;:&quot;Head Lamps&quot;,&quot;SUBCATG_CODE&quot;:&quot;HLLAL&quot;},{&quot;SUBCATG_DESC&quot;:&quot;Interior Lighting&quot;,&quot;SUBCATG_CODE&quot;:&quot;LIINT&quot;},{&quot;SUBCATG_DESC&quot;:&quot;License Lamp&quot;,&quot;SUBCATG_CODE&quot;:&quot;LILAM&quot;},{&quot;SUBCATG_DESC&quot;:&quot;Lighting Components&quot;,&quot;SUBCATG_CODE&quot;:&quot;LICMP&quot;},{&quot;SUBCATG_DESC&quot;:&quot;Side Lamp Assy&quot;,&quot;SUBCATG_CODE&quot;:&quot;SLAMA&quot;},{&quot;SUBCATG_DESC&quot;:&quot;Stop Lamp&quot;,&quot;SUBCATG_CODE&quot;:&quot;STPLA&quot;},{&quot;SUBCATG_DESC&quot;:&quot;Tail Lamps&quot;,&quot;SUBCATG_CODE&quot;:&quot;TALAL&quot;}]},{&quot;CATG_DESC&quot;:&quot;Lock Set&quot;,&quot;CATG_CODE&quot;:&quot;W_ELO&quot;,&quot;SUBCATG_DETAILS_LIST&quot;:[{&quot;SUBCATG_DESC&quot;:&quot;IGNITION KEY&quot;,&quot;SUBCATG_CODE&quot;:&quot;KEYIG&quot;},{&quot;SUBCATG_DESC&quot;:&quot;Lock Set - Steering&quot;,&quot;SUBCATG_CODE&quot;:&quot;LOKST&quot;}]},{&quot;CATG_DESC&quot;:&quot;Sensors &amp; Switches&quot;,&quot;CATG_CODE&quot;:&quot;W_ESW&quot;,&quot;SUBCATG_DETAILS_LIST&quot;:[{&quot;SUBCATG_DESC&quot;:&quot;Cam Sensor&quot;,&quot;SUBCATG_CODE&quot;:&quot;SENCA&quot;},{&quot;SUBCATG_DESC&quot;:&quot;Clutch Speed Sensor&quot;,&quot;SUBCATG_CODE&quot;:&quot;CLSPS&quot;},{&quot;SUBCATG_DESC&quot;:&quot;Combination Switch&quot;,&quot;SUBCATG_CODE&quot;:&quot;CMBSA&quot;},{&quot;SUBCATG_DESC&quot;:&quot;Door Switch&quot;,&quot;SUBCATG_CODE&quot;:&quot;SWADR&quot;},{&quot;SUBCATG_DESC&quot;:&quot;Forward Sensor&quot;,&quot;SUBCATG_CODE&quot;:&quot;SENFS&quot;},{&quot;SUBCATG_DESC&quot;:&quot;Fuel Sensor&quot;,&quot;SUBCATG_CODE&quot;:&quot;SENFG&quot;},{&quot;SUBCATG_DESC&quot;:&quot;Light Switch&quot;,&quot;SUBCATG_CODE&quot;:&quot;SWALT&quot;},{&quot;SUBCATG_DESC&quot;:&quot;Mirror Switch&quot;,&quot;SUBCATG_CODE&quot;:&quot;SWAMR&quot;},{&quot;SUBCATG_DESC&quot;:&quot;Parking &amp; Brake Sensor&quot;,&quot;SUBCATG_CODE&quot;:&quot;SENPS&quot;},{&quot;SUBCATG_DESC&quot;:&quot;Power Window Switch&quot;,&quot;SUBCATG_CODE&quot;:&quot;SWAPW&quot;},{&quot;SUBCATG_DESC&quot;:&quot;Rain &amp; Light Sensor&quot;,&quot;SUBCATG_CODE&quot;:&quot;SENRL&quot;},{&quot;SUBCATG_DESC&quot;:&quot;Speed Sensor&quot;,&quot;SUBCATG_CODE&quot;:&quot;SENSP&quot;},{&quot;SUBCATG_DESC&quot;:&quot;Switch Assy - Clutch&quot;,&quot;SUBCATG_CODE&quot;:&quot;SWCLU&quot;},{&quot;SUBCATG_DESC&quot;:&quot;Switch Assy - Drive&quot;,&quot;SUBCATG_CODE&quot;:&quot;SDRIV&quot;},{&quot;SUBCATG_DESC&quot;:&quot;Switch Assy - Engine Start&quot;,&quot;SUBCATG_CODE&quot;:&quot;SWAES&quot;},{&quot;SUBCATG_DESC&quot;:&quot;Switch Assy - Fuel Control&quot;,&quot;SUBCATG_CODE&quot;:&quot;SWFCO&quot;},{&quot;SUBCATG_DESC&quot;:&quot;Switch Assy - Oil Pressure&quot;,&quot;SUBCATG_CODE&quot;:&quot;SWOPS&quot;},{&quot;SUBCATG_DESC&quot;:&quot;Transmitter Switch&quot;,&quot;SUBCATG_CODE&quot;:&quot;SWATR&quot;}]},{&quot;CATG_DESC&quot;:&quot;Wipers &amp; Components&quot;,&quot;CATG_CODE&quot;:&quot;W_EWI&quot;,&quot;SUBCATG_DETAILS_LIST&quot;:[{&quot;SUBCATG_DESC&quot;:&quot;Front Wiper Blades&quot;,&quot;SUBCATG_CODE&quot;:&quot;WIPFR&quot;},{&quot;SUBCATG_DESC&quot;:&quot;Rear Wiper Blade&quot;,&quot;SUBCATG_CODE&quot;:&quot;WIPRR&quot;},{&quot;SUBCATG_DESC&quot;:&quot;Wiper - Arm &amp; Blade&quot;,&quot;SUBCATG_CODE&quot;:&quot;WIPAB&quot;},{&quot;SUBCATG_DESC&quot;:&quot;Wiper - Washer Tank&quot;,&quot;SUBCATG_CODE&quot;:&quot;WIPWT&quot;},{&quot;SUBCATG_DESC&quot;:&quot;Wiper Blade - Rear&quot;,&quot;SUBCATG_CODE&quot;:&quot;WIPBR&quot;},{&quot;SUBCATG_DESC&quot;:&quot;Wiper Components&quot;,&quot;SUBCATG_CODE&quot;:&quot;WIPCP&quot;},{&quot;SUBCATG_DESC&quot;:&quot;Wiper Nozzle&quot;,&quot;SUBCATG_CODE&quot;:&quot;WIPNO&quot;}]},{&quot;CATG_DESC&quot;:&quot;Wiring &amp; Controllers&quot;,&quot;CATG_CODE&quot;:&quot;W_EWC&quot;,&quot;SUBCATG_DETAILS_LIST&quot;:[{&quot;SUBCATG_DESC&quot;:&quot;Battery Ground Cable&quot;,&quot;SUBCATG_CODE&quot;:&quot;BAGCA&quot;},{&quot;SUBCATG_DESC&quot;:&quot;Box Set&quot;,&quot;SUBCATG_CODE&quot;:&quot;ELBOX&quot;},{&quot;SUBCATG_DESC&quot;:&quot;Cable - Contact Coil&quot;,&quot;SUBCATG_CODE&quot;:&quot;ELCCC&quot;},{&quot;SUBCATG_DESC&quot;:&quot;Controller Air Bag&quot;,&quot;SUBCATG_CODE&quot;:&quot;ELCAB&quot;},{&quot;SUBCATG_DESC&quot;:&quot;ECM/ECU&quot;,&quot;SUBCATG_CODE&quot;:&quot;ELECM&quot;},{&quot;SUBCATG_DESC&quot;:&quot;Floor Wiring Harness&quot;,&quot;SUBCATG_CODE&quot;:&quot;WRHFL&quot;},{&quot;SUBCATG_DESC&quot;:&quot;Instrument Panel Wiring&quot;,&quot;SUBCATG_CODE&quot;:&quot;WRHIP&quot;},{&quot;SUBCATG_DESC&quot;:&quot;Speedometer Cable&quot;,&quot;SUBCATG_CODE&quot;:&quot;SPECA&quot;},{&quot;SUBCATG_DESC&quot;:&quot;Starter Motor Cable&quot;,&quot;SUBCATG_CODE&quot;:&quot;SMOCA&quot;},{&quot;SUBCATG_DESC&quot;:&quot;Wiring - Air Bag&quot;,&quot;SUBCATG_CODE&quot;:&quot;WIRAB&quot;},{&quot;SUBCATG_DESC&quot;:&quot;Wiring - Sensors&quot;,&quot;SUBCATG_CODE&quot;:&quot;WIRSN&quot;},{&quot;SUBCATG_DESC&quot;:&quot;Wiring Harness&quot;,&quot;SUBCATG_CODE&quot;:&quot;ELWRH&quot;}]}],&quot;PARENT_CATG_CODE&quot;:&quot;P_ELE&quot;,&quot;PARENT_CATG_DESC&quot;:&quot;Electrical&quot;},{&quot;categoryDetailList&quot;:[{&quot;CATG_DESC&quot;:&quot;Engine Components&quot;,&quot;CATG_CODE&quot;:&quot;W_ENC&quot;,&quot;SUBCATG_DETAILS_LIST&quot;:[{&quot;SUBCATG_DESC&quot;:&quot;Accelerator Cable&quot;,&quot;SUBCATG_CODE&quot;:&quot;ACCAB&quot;},{&quot;SUBCATG_DESC&quot;:&quot;Air Cleaner Assembly&quot;,&quot;SUBCATG_CODE&quot;:&quot;AIRCA&quot;},{&quot;SUBCATG_DESC&quot;:&quot;Cam Shaft&quot;,&quot;SUBCATG_CODE&quot;:&quot;ENCAS&quot;},{&quot;SUBCATG_DESC&quot;:&quot;Case Assembly&quot;,&quot;SUBCATG_CODE&quot;:&quot;CASOF&quot;},{&quot;SUBCATG_DESC&quot;:&quot;CNG Filter Repair Kit&quot;,&quot;SUBCATG_CODE&quot;:&quot;CNGRK&quot;},{&quot;SUBCATG_DESC&quot;:&quot;Connecting Rod&quot;,&quot;SUBCATG_CODE&quot;:&quot;ENCOR&quot;},{&quot;SUBCATG_DESC&quot;:&quot;Crankshaft&quot;,&quot;SUBCATG_CODE&quot;:&quot;ENCRS&quot;},{&quot;SUBCATG_DESC&quot;:&quot;Cylinder Block&quot;,&quot;SUBCATG_CODE&quot;:&quot;ENCYB&quot;},{&quot;SUBCATG_DESC&quot;:&quot;Cylinder Head&quot;,&quot;SUBCATG_CODE&quot;:&quot;ENCYH&quot;},{&quot;SUBCATG_DESC&quot;:&quot;Degassing Tank&quot;,&quot;SUBCATG_CODE&quot;:&quot;DEGAT&quot;},{&quot;SUBCATG_DESC&quot;:&quot;Degassing Tank Components&quot;,&quot;SUBCATG_CODE&quot;:&quot;DECMP&quot;},{&quot;SUBCATG_DESC&quot;:&quot;EGR Components&quot;,&quot;SUBCATG_CODE&quot;:&quot;ENEGC&quot;},{&quot;SUBCATG_DESC&quot;:&quot;ENGINE ASSEMBLY&quot;,&quot;SUBCATG_CODE&quot;:&quot;ENGNE&quot;},{&quot;SUBCATG_DESC&quot;:&quot;Engine Bearings&quot;,&quot;SUBCATG_CODE&quot;:&quot;ENBRG&quot;},{&quot;SUBCATG_DESC&quot;:&quot;Engine Components -Hardware&quot;,&quot;SUBCATG_CODE&quot;:&quot;ENCHD&quot;},{&quot;SUBCATG_DESC&quot;:&quot;Engine Components -Others&quot;,&quot;SUBCATG_CODE&quot;:&quot;ENCPO&quot;},{&quot;SUBCATG_DESC&quot;:&quot;Engine Gaskets&quot;,&quot;SUBCATG_CODE&quot;:&quot;ENGKT&quot;},{&quot;SUBCATG_DESC&quot;:&quot;Engine Guide Valve&quot;,&quot;SUBCATG_CODE&quot;:&quot;ENGUV&quot;},{&quot;SUBCATG_DESC&quot;:&quot;Engine Hoses&quot;,&quot;SUBCATG_CODE&quot;:&quot;ENHOS&quot;},{&quot;SUBCATG_DESC&quot;:&quot;Engine Pulley&quot;,&quot;SUBCATG_CODE&quot;:&quot;ENPUL&quot;},{&quot;SUBCATG_DESC&quot;:&quot;Oil Separator&quot;,&quot;SUBCATG_CODE&quot;:&quot;EOSEP&quot;},{&quot;SUBCATG_DESC&quot;:&quot;Piston &amp; Piston Ring&quot;,&quot;SUBCATG_CODE&quot;:&quot;ENPIR&quot;},{&quot;SUBCATG_DESC&quot;:&quot;Rocker Arm&quot;,&quot;SUBCATG_CODE&quot;:&quot;ENRKR&quot;},{&quot;SUBCATG_DESC&quot;:&quot;Throttle Body&quot;,&quot;SUBCATG_CODE&quot;:&quot;ENTHR&quot;},{&quot;SUBCATG_DESC&quot;:&quot;Turbo Charger&quot;,&quot;SUBCATG_CODE&quot;:&quot;TURBO&quot;},{&quot;SUBCATG_DESC&quot;:&quot;Vaccum Pump&quot;,&quot;SUBCATG_CODE&quot;:&quot;ENVAP&quot;},{&quot;SUBCATG_DESC&quot;:&quot;Valves &amp; Tappet&quot;,&quot;SUBCATG_CODE&quot;:&quot;VALIE&quot;}]},{&quot;CATG_DESC&quot;:&quot;Engine Sensors&quot;,&quot;CATG_CODE&quot;:&quot;W_ENS&quot;,&quot;SUBCATG_DETAILS_LIST&quot;:[{&quot;SUBCATG_DESC&quot;:&quot;Knock Sensor&quot;,&quot;SUBCATG_CODE&quot;:&quot;SENKN&quot;},{&quot;SUBCATG_DESC&quot;:&quot;Maf Sensor&quot;,&quot;SUBCATG_CODE&quot;:&quot;SENMF&quot;},{&quot;SUBCATG_DESC&quot;:&quot;Map Sensor&quot;,&quot;SUBCATG_CODE&quot;:&quot;SENMA&quot;},{&quot;SUBCATG_DESC&quot;:&quot;Oxygen sensor&quot;,&quot;SUBCATG_CODE&quot;:&quot;SENOX&quot;},{&quot;SUBCATG_DESC&quot;:&quot;Position Sensor&quot;,&quot;SUBCATG_CODE&quot;:&quot;CRPOS&quot;},{&quot;SUBCATG_DESC&quot;:&quot;Temperature Sensor&quot;,&quot;SUBCATG_CODE&quot;:&quot;SENTP&quot;},{&quot;SUBCATG_DESC&quot;:&quot;Thermostat Components&quot;,&quot;SUBCATG_CODE&quot;:&quot;TSTCP&quot;}]},{&quot;CATG_DESC&quot;:&quot;Flywheel &amp; Mounting&quot;,&quot;CATG_CODE&quot;:&quot;W_EFW&quot;,&quot;SUBCATG_DETAILS_LIST&quot;:[{&quot;SUBCATG_DESC&quot;:&quot;Engine Mounting Front &amp; Rear&quot;,&quot;SUBCATG_CODE&quot;:&quot;ENMRR&quot;},{&quot;SUBCATG_DESC&quot;:&quot;Engine Mounting Left&quot;,&quot;SUBCATG_CODE&quot;:&quot;ENMOL&quot;},{&quot;SUBCATG_DESC&quot;:&quot;Engine Mounting Right&quot;,&quot;SUBCATG_CODE&quot;:&quot;ENMOR&quot;},{&quot;SUBCATG_DESC&quot;:&quot;Flywheel&quot;,&quot;SUBCATG_CODE&quot;:&quot;ENFLW&quot;},{&quot;SUBCATG_DESC&quot;:&quot;Mounting Component&quot;,&quot;SUBCATG_CODE&quot;:&quot;ENMOC&quot;}]},{&quot;CATG_DESC&quot;:&quot;Fuel Injection System&quot;,&quot;CATG_CODE&quot;:&quot;W_EFS&quot;,&quot;SUBCATG_DETAILS_LIST&quot;:[{&quot;SUBCATG_DESC&quot;:&quot;Fuel HP Pump Assy&quot;,&quot;SUBCATG_CODE&quot;:&quot;ENFHP&quot;},{&quot;SUBCATG_DESC&quot;:&quot;Fuel Injection - Pipe &amp; Hose&quot;,&quot;SUBCATG_CODE&quot;:&quot;FUPIH&quot;},{&quot;SUBCATG_DESC&quot;:&quot;Fuel Injector Assy&quot;,&quot;SUBCATG_CODE&quot;:&quot;ENFIA&quot;},{&quot;SUBCATG_DESC&quot;:&quot;Fuel Pressure Regulator&quot;,&quot;SUBCATG_CODE&quot;:&quot;FUREG&quot;},{&quot;SUBCATG_DESC&quot;:&quot;Fuel Pump Assy&quot;,&quot;SUBCATG_CODE&quot;:&quot;ENFPA&quot;},{&quot;SUBCATG_DESC&quot;:&quot;Fuel Rail&quot;,&quot;SUBCATG_CODE&quot;:&quot;ENFRL&quot;},{&quot;SUBCATG_DESC&quot;:&quot;Hardware - Fuel Injection&quot;,&quot;SUBCATG_CODE&quot;:&quot;FUHRD&quot;}]},{&quot;CATG_DESC&quot;:&quot;Half Engine Assembly&quot;,&quot;CATG_CODE&quot;:&quot;W_HAE&quot;,&quot;SUBCATG_DETAILS_LIST&quot;:[{&quot;SUBCATG_DESC&quot;:&quot;Half Engine - Diesel&quot;,&quot;SUBCATG_CODE&quot;:&quot;HAEDI&quot;},{&quot;SUBCATG_DESC&quot;:&quot;Half Engine - Petrol&quot;,&quot;SUBCATG_CODE&quot;:&quot;HAEPT&quot;}]},{&quot;CATG_DESC&quot;:&quot;Manifolds &amp; Exhaust&quot;,&quot;CATG_CODE&quot;:&quot;W_EME&quot;,&quot;SUBCATG_DETAILS_LIST&quot;:[{&quot;SUBCATG_DESC&quot;:&quot;Catalytic Convertor&quot;,&quot;SUBCATG_CODE&quot;:&quot;MECAT&quot;},{&quot;SUBCATG_DESC&quot;:&quot;Exhaust Manifold&quot;,&quot;SUBCATG_CODE&quot;:&quot;MEEXH&quot;},{&quot;SUBCATG_DESC&quot;:&quot;Hardware - Exhaust &amp; Manifold&quot;,&quot;SUBCATG_CODE&quot;:&quot;EXHAM&quot;},{&quot;SUBCATG_DESC&quot;:&quot;Intake Manifold&quot;,&quot;SUBCATG_CODE&quot;:&quot;MEINT&quot;},{&quot;SUBCATG_DESC&quot;:&quot;Muffler&quot;,&quot;SUBCATG_CODE&quot;:&quot;MEMUF&quot;},{&quot;SUBCATG_DESC&quot;:&quot;Muffler Mounting&quot;,&quot;SUBCATG_CODE&quot;:&quot;MUFMO&quot;}]},{&quot;CATG_DESC&quot;:&quot;Oil Chamber &amp; Oil Strainer&quot;,&quot;CATG_CODE&quot;:&quot;W_OCS&quot;,&quot;SUBCATG_DETAILS_LIST&quot;:[{&quot;SUBCATG_DESC&quot;:&quot;Engine Oil Pan&quot;,&quot;SUBCATG_CODE&quot;:&quot;ENOIP&quot;},{&quot;SUBCATG_DESC&quot;:&quot;Oil Level Gauge&quot;,&quot;SUBCATG_CODE&quot;:&quot;OILLG&quot;},{&quot;SUBCATG_DESC&quot;:&quot;Oil Strainer &quot;,&quot;SUBCATG_CODE&quot;:&quot;ENOIS&quot;}]},{&quot;CATG_DESC&quot;:&quot;Oil Pump &amp; Water Pump&quot;,&quot;CATG_CODE&quot;:&quot;W_OWP&quot;,&quot;SUBCATG_DETAILS_LIST&quot;:[{&quot;SUBCATG_DESC&quot;:&quot;Components - Oil /Water Pump&quot;,&quot;SUBCATG_CODE&quot;:&quot;ENOWC&quot;},{&quot;SUBCATG_DESC&quot;:&quot;Oil Pump&quot;,&quot;SUBCATG_CODE&quot;:&quot;ENOPU&quot;},{&quot;SUBCATG_DESC&quot;:&quot;Water Pump&quot;,&quot;SUBCATG_CODE&quot;:&quot;ENWTP&quot;}]},{&quot;CATG_DESC&quot;:&quot;Periodic Maintenance &quot;,&quot;CATG_CODE&quot;:&quot;W_PMS&quot;,&quot;SUBCATG_DETAILS_LIST&quot;:[{&quot;SUBCATG_DESC&quot;:&quot;Air Filter&quot;,&quot;SUBCATG_CODE&quot;:&quot;FILTRA&quot;},{&quot;SUBCATG_DESC&quot;:&quot;Drain plug &amp; gasket&quot;,&quot;SUBCATG_CODE&quot;:&quot;PMDPG&quot;},{&quot;SUBCATG_DESC&quot;:&quot;Fuel Filter&quot;,&quot;SUBCATG_CODE&quot;:&quot;FILFU&quot;},{&quot;SUBCATG_DESC&quot;:&quot;Fuel Filter Assembly&quot;,&quot;SUBCATG_CODE&quot;:&quot;FIFFA&quot;},{&quot;SUBCATG_DESC&quot;:&quot;Glow Plug&quot;,&quot;SUBCATG_CODE&quot;:&quot;GLOWP&quot;},{&quot;SUBCATG_DESC&quot;:&quot;Oil Filter&quot;,&quot;SUBCATG_CODE&quot;:&quot;FILOI&quot;},{&quot;SUBCATG_DESC&quot;:&quot;Spark Plug&quot;,&quot;SUBCATG_CODE&quot;:&quot;SPARK&quot;},{&quot;SUBCATG_DESC&quot;:&quot;Water Pump Belt&quot;,&quot;SUBCATG_CODE&quot;:&quot;BELWP&quot;}]},{&quot;CATG_DESC&quot;:&quot;Radiators &amp; Inter Cooler&quot;,&quot;CATG_CODE&quot;:&quot;W_RAI&quot;,&quot;SUBCATG_DETAILS_LIST&quot;:[{&quot;SUBCATG_DESC&quot;:&quot;Fan Motor Assembly&quot;,&quot;SUBCATG_CODE&quot;:&quot;RADFA&quot;},{&quot;SUBCATG_DESC&quot;:&quot;Hardware - Intercooler &amp; Radiator&quot;,&quot;SUBCATG_CODE&quot;:&quot;RAINH&quot;},{&quot;SUBCATG_DESC&quot;:&quot;Inter Cooler&quot;,&quot;SUBCATG_CODE&quot;:&quot;ENINC&quot;},{&quot;SUBCATG_DESC&quot;:&quot;Intercooler Pipe &amp; Hose&quot;,&quot;SUBCATG_CODE&quot;:&quot;INPIH&quot;},{&quot;SUBCATG_DESC&quot;:&quot;Radiator - Fan Motor&quot;,&quot;SUBCATG_CODE&quot;:&quot;RADFM&quot;},{&quot;SUBCATG_DESC&quot;:&quot;Radiator Assembly&quot;,&quot;SUBCATG_CODE&quot;:&quot;ENRAD&quot;},{&quot;SUBCATG_DESC&quot;:&quot;Radiator Cap&quot;,&quot;SUBCATG_CODE&quot;:&quot;RADCA&quot;},{&quot;SUBCATG_DESC&quot;:&quot;Radiator Cover&quot;,&quot;SUBCATG_CODE&quot;:&quot;RADCO&quot;},{&quot;SUBCATG_DESC&quot;:&quot;Radiator Pipe &amp; Hose&quot;,&quot;SUBCATG_CODE&quot;:&quot;RAPIH&quot;},{&quot;SUBCATG_DESC&quot;:&quot;Shroud&quot;,&quot;SUBCATG_CODE&quot;:&quot;SHROU&quot;}]},{&quot;CATG_DESC&quot;:&quot;Timing Belt &amp; Components&quot;,&quot;CATG_CODE&quot;:&quot;W_BTT&quot;,&quot;SUBCATG_DETAILS_LIST&quot;:[{&quot;SUBCATG_DESC&quot;:&quot;Timing Chain Belt&quot;,&quot;SUBCATG_CODE&quot;:&quot;TIMCB&quot;},{&quot;SUBCATG_DESC&quot;:&quot;Timing Components&quot;,&quot;SUBCATG_CODE&quot;:&quot;TIMCO&quot;}]}],&quot;PARENT_CATG_CODE&quot;:&quot;P_ENG&quot;,&quot;PARENT_CATG_DESC&quot;:&quot;Engine&quot;},{&quot;categoryDetailList&quot;:[{&quot;CATG_DESC&quot;:&quot;Ball Joints Kit&quot;,&quot;CATG_CODE&quot;:&quot;W_BJK&quot;,&quot;SUBCATG_DETAILS_LIST&quot;:null},{&quot;CATG_DESC&quot;:&quot;Damper Kit&quot;,&quot;CATG_CODE&quot;:&quot;W_DPK&quot;,&quot;SUBCATG_DETAILS_LIST&quot;:null},{&quot;CATG_DESC&quot;:&quot;Engine Gasket Kit&quot;,&quot;CATG_CODE&quot;:&quot;W_EGK&quot;,&quot;SUBCATG_DETAILS_LIST&quot;:null},{&quot;CATG_DESC&quot;:&quot;Filter Combo Kit - Diesel&quot;,&quot;CATG_CODE&quot;:&quot;W_FKD&quot;,&quot;SUBCATG_DETAILS_LIST&quot;:null},{&quot;CATG_DESC&quot;:&quot;Filter Combo Kit - Petrol&quot;,&quot;CATG_CODE&quot;:&quot;W_FKP&quot;,&quot;SUBCATG_DETAILS_LIST&quot;:null},{&quot;CATG_DESC&quot;:&quot;Repair Kits&quot;,&quot;CATG_CODE&quot;:&quot;W_KIT&quot;,&quot;SUBCATG_DETAILS_LIST&quot;:[{&quot;SUBCATG_DESC&quot;:&quot;Ball Joints Kit&quot;,&quot;SUBCATG_CODE&quot;:&quot;BAJKI&quot;},{&quot;SUBCATG_DESC&quot;:&quot;Clutch Kit&quot;,&quot;SUBCATG_CODE&quot;:&quot;CLKIT&quot;},{&quot;SUBCATG_DESC&quot;:&quot;Damper Kit&quot;,&quot;SUBCATG_CODE&quot;:&quot;DAMKI&quot;},{&quot;SUBCATG_DESC&quot;:&quot;Engine Gasket Kit&quot;,&quot;SUBCATG_CODE&quot;:&quot;EGASK&quot;},{&quot;SUBCATG_DESC&quot;:&quot;Filters Combo Kit - Diesel&quot;,&quot;SUBCATG_CODE&quot;:&quot;SKDIE&quot;},{&quot;SUBCATG_DESC&quot;:&quot;Filters Combo Kit - Petrol&quot;,&quot;SUBCATG_CODE&quot;:&quot;SKPET&quot;},{&quot;SUBCATG_DESC&quot;:&quot;Leaf Spring Bush Kit&quot;,&quot;SUBCATG_CODE&quot;:&quot;LSBKI&quot;},{&quot;SUBCATG_DESC&quot;:&quot;Repair Kits - Others&quot;,&quot;SUBCATG_CODE&quot;:&quot;SKITO&quot;},{&quot;SUBCATG_DESC&quot;:&quot;Strut Bush Kit&quot;,&quot;SUBCATG_CODE&quot;:&quot;STBKI&quot;},{&quot;SUBCATG_DESC&quot;:&quot;Strut Kit&quot;,&quot;SUBCATG_CODE&quot;:&quot;STRKI&quot;},{&quot;SUBCATG_DESC&quot;:&quot;Suspension Arm Kit(lh+rh)&quot;,&quot;SUBCATG_CODE&quot;:&quot;SUAKI&quot;},{&quot;SUBCATG_DESC&quot;:&quot;Suspesion Kit (Left &amp; Right)&quot;,&quot;SUBCATG_CODE&quot;:&quot;SPNKI&quot;},{&quot;SUBCATG_DESC&quot;:&quot;Wiper Blade Kit (Left &amp; Right)&quot;,&quot;SUBCATG_CODE&quot;:&quot;WIBKI&quot;}]}],&quot;PARENT_CATG_CODE&quot;:&quot;P_SCP&quot;,&quot;PARENT_CATG_DESC&quot;:&quot;Service Combo Packs&quot;},{&quot;categoryDetailList&quot;:[{&quot;CATG_DESC&quot;:&quot;Braking System&quot;,&quot;CATG_CODE&quot;:&quot;W_BRS&quot;,&quot;SUBCATG_DETAILS_LIST&quot;:[{&quot;SUBCATG_DESC&quot;:&quot;ABS Actuator&quot;,&quot;SUBCATG_CODE&quot;:&quot;SAFAA&quot;},{&quot;SUBCATG_DESC&quot;:&quot;Air Bag&quot;,&quot;SUBCATG_CODE&quot;:&quot;SAFAB&quot;},{&quot;SUBCATG_DESC&quot;:&quot;Brake Booster Assembly&quot;,&quot;SUBCATG_CODE&quot;:&quot;BRBOS&quot;},{&quot;SUBCATG_DESC&quot;:&quot;Brake Caliper&quot;,&quot;SUBCATG_CODE&quot;:&quot;FBCAL&quot;},{&quot;SUBCATG_DESC&quot;:&quot;Brake Caliper Grease&quot;,&quot;SUBCATG_CODE&quot;:&quot;BCALG&quot;},{&quot;SUBCATG_DESC&quot;:&quot;Brake Drum&quot;,&quot;SUBCATG_CODE&quot;:&quot;BRDRU&quot;},{&quot;SUBCATG_DESC&quot;:&quot;Brake Master Cylinder&quot;,&quot;SUBCATG_CODE&quot;:&quot;BRMCA&quot;},{&quot;SUBCATG_DESC&quot;:&quot;Brake Pad Set&quot;,&quot;SUBCATG_CODE&quot;:&quot;BRPAD&quot;},{&quot;SUBCATG_DESC&quot;:&quot;Brake Shoe Set&quot;,&quot;SUBCATG_CODE&quot;:&quot;BRSHE&quot;},{&quot;SUBCATG_DESC&quot;:&quot;Braking Components&quot;,&quot;SUBCATG_CODE&quot;:&quot;BRACO&quot;},{&quot;SUBCATG_DESC&quot;:&quot;Caliper Pin&quot;,&quot;SUBCATG_CODE&quot;:&quot;BRCPI&quot;},{&quot;SUBCATG_DESC&quot;:&quot;Front Brake Disc&quot;,&quot;SUBCATG_CODE&quot;:&quot;FBRDI&quot;},{&quot;SUBCATG_DESC&quot;:&quot;Hand Brake Cable&quot;,&quot;SUBCATG_CODE&quot;:&quot;CABPA&quot;},{&quot;SUBCATG_DESC&quot;:&quot;Hand Brake Lever&quot;,&quot;SUBCATG_CODE&quot;:&quot;LEBPA&quot;},{&quot;SUBCATG_DESC&quot;:&quot;Rear Brake Disc&quot;,&quot;SUBCATG_CODE&quot;:&quot;RRBDI&quot;},{&quot;SUBCATG_DESC&quot;:&quot;Reservoir Cap&quot;,&quot;SUBCATG_CODE&quot;:&quot;BRREC&quot;},{&quot;SUBCATG_DESC&quot;:&quot;Sliding Pin Set&quot;,&quot;SUBCATG_CODE&quot;:&quot;BRSLP&quot;},{&quot;SUBCATG_DESC&quot;:&quot;Wheel Cylinder Assembly&quot;,&quot;SUBCATG_CODE&quot;:&quot;WHCYA&quot;}]},{&quot;CATG_DESC&quot;:&quot;Drive Shaft (Axle Assembly)&quot;,&quot;CATG_CODE&quot;:&quot;W_DRS&quot;,&quot;SUBCATG_DETAILS_LIST&quot;:[{&quot;SUBCATG_DESC&quot;:&quot;Drive Shaft Boot&quot;,&quot;SUBCATG_CODE&quot;:&quot;DRSBO&quot;},{&quot;SUBCATG_DESC&quot;:&quot;Drive Shafts&quot;,&quot;SUBCATG_CODE&quot;:&quot;FDRAL&quot;}]},{&quot;CATG_DESC&quot;:&quot;Leaf Spring Suspension&quot;,&quot;CATG_CODE&quot;:&quot;W_SUL&quot;,&quot;SUBCATG_DETAILS_LIST&quot;:[{&quot;SUBCATG_DESC&quot;:&quot;Leaf Spring&quot;,&quot;SUBCATG_CODE&quot;:&quot;LESPR&quot;},{&quot;SUBCATG_DESC&quot;:&quot;Leaf Spring Components&quot;,&quot;SUBCATG_CODE&quot;:&quot;LESEA&quot;},{&quot;SUBCATG_DESC&quot;:&quot;Leaf Spring Mounting&quot;,&quot;SUBCATG_CODE&quot;:&quot;LEMOU&quot;}]},{&quot;CATG_DESC&quot;:&quot;Steering Assembly&quot;,&quot;CATG_CODE&quot;:&quot;W_STA&quot;,&quot;SUBCATG_DETAILS_LIST&quot;:[{&quot;SUBCATG_DESC&quot;:&quot;Steering  Column Assembly&quot;,&quot;SUBCATG_CODE&quot;:&quot;SRCOA&quot;},{&quot;SUBCATG_DESC&quot;:&quot;Steering Gear Box&quot;,&quot;SUBCATG_CODE&quot;:&quot;STGBA&quot;},{&quot;SUBCATG_DESC&quot;:&quot;Steering Shaft Assembly&quot;,&quot;SUBCATG_CODE&quot;:&quot;STRSA&quot;}]},{&quot;CATG_DESC&quot;:&quot;Steering Components&quot;,&quot;CATG_CODE&quot;:&quot;W_STC&quot;,&quot;SUBCATG_DETAILS_LIST&quot;:[{&quot;SUBCATG_DESC&quot;:&quot;Bracket - Steering Gear Box&quot;,&quot;SUBCATG_CODE&quot;:&quot;STBRA&quot;},{&quot;SUBCATG_DESC&quot;:&quot;Rear Axle Nut&quot;,&quot;SUBCATG_CODE&quot;:&quot;SRANU&quot;},{&quot;SUBCATG_DESC&quot;:&quot;Steering  Boot&quot;,&quot;SUBCATG_CODE&quot;:&quot;SRBOO&quot;},{&quot;SUBCATG_DESC&quot;:&quot;Steering  Boot - Rack&quot;,&quot;SUBCATG_CODE&quot;:&quot;SRBOR&quot;},{&quot;SUBCATG_DESC&quot;:&quot;Steering  Wheel&quot;,&quot;SUBCATG_CODE&quot;:&quot;SRWHE&quot;},{&quot;SUBCATG_DESC&quot;:&quot;Steering Comp - Pinion&quot;,&quot;SUBCATG_CODE&quot;:&quot;SRCOP&quot;},{&quot;SUBCATG_DESC&quot;:&quot;Steering Comp - Plunger&quot;,&quot;SUBCATG_CODE&quot;:&quot;SRCOG&quot;},{&quot;SUBCATG_DESC&quot;:&quot;Steering Component - others&quot;,&quot;SUBCATG_CODE&quot;:&quot;STRCP&quot;},{&quot;SUBCATG_DESC&quot;:&quot;Steering Knuckle&quot;,&quot;SUBCATG_CODE&quot;:&quot;SRKNL&quot;},{&quot;SUBCATG_DESC&quot;:&quot;Steering Rack&quot;,&quot;SUBCATG_CODE&quot;:&quot;SRRAK&quot;},{&quot;SUBCATG_DESC&quot;:&quot;Steering Rack-bush&quot;,&quot;SUBCATG_CODE&quot;:&quot;SRRAB&quot;}]},{&quot;CATG_DESC&quot;:&quot;Struts Shock Absorber&quot;,&quot;CATG_CODE&quot;:&quot;W_SSA&quot;,&quot;SUBCATG_DETAILS_LIST&quot;:[{&quot;SUBCATG_DESC&quot;:&quot;Front Strut Assembly&quot;,&quot;SUBCATG_CODE&quot;:&quot;FSSAL&quot;},{&quot;SUBCATG_DESC&quot;:&quot;Front Strut Set&quot;,&quot;SUBCATG_CODE&quot;:&quot;FSSSR&quot;},{&quot;SUBCATG_DESC&quot;:&quot;Rear Shock Absorber &quot;,&quot;SUBCATG_CODE&quot;:&quot;RSABA&quot;}]},{&quot;CATG_DESC&quot;:&quot;Suspension Arms&quot;,&quot;CATG_CODE&quot;:&quot;W_SNA&quot;,&quot;SUBCATG_DETAILS_LIST&quot;:[{&quot;SUBCATG_DESC&quot;:&quot;Front Suspension Arms&quot;,&quot;SUBCATG_CODE&quot;:&quot;FSAAR&quot;},{&quot;SUBCATG_DESC&quot;:&quot;Rear Suspension Arms&quot;,&quot;SUBCATG_CODE&quot;:&quot;RSAAR&quot;}]},{&quot;CATG_DESC&quot;:&quot;Suspension Axle&quot;,&quot;CATG_CODE&quot;:&quot;W_SAX&quot;,&quot;SUBCATG_DETAILS_LIST&quot;:[{&quot;SUBCATG_DESC&quot;:&quot;Front Suspension Frame&quot;,&quot;SUBCATG_CODE&quot;:&quot;FRSUF&quot;},{&quot;SUBCATG_DESC&quot;:&quot;Rear Axle&quot;,&quot;SUBCATG_CODE&quot;:&quot;SURRA&quot;},{&quot;SUBCATG_DESC&quot;:&quot;Rear Suspension Beam&quot;,&quot;SUBCATG_CODE&quot;:&quot;RRSBA&quot;},{&quot;SUBCATG_DESC&quot;:&quot;Suspension Axle - Components&quot;,&quot;SUBCATG_CODE&quot;:&quot;SUSAC&quot;}]},{&quot;CATG_DESC&quot;:&quot;Suspension Components&quot;,&quot;CATG_CODE&quot;:&quot;W_SUC&quot;,&quot;SUBCATG_DETAILS_LIST&quot;:[{&quot;SUBCATG_DESC&quot;:&quot;Arm Bush&quot;,&quot;SUBCATG_CODE&quot;:&quot;SUSAB&quot;},{&quot;SUBCATG_DESC&quot;:&quot;Coil Spring Components&quot;,&quot;SUBCATG_CODE&quot;:&quot;COSPC&quot;},{&quot;SUBCATG_DESC&quot;:&quot;Hardware - Suspension&quot;,&quot;SUBCATG_CODE&quot;:&quot;SUSHD&quot;},{&quot;SUBCATG_DESC&quot;:&quot;Joint Assembly&quot;,&quot;SUBCATG_CODE&quot;:&quot;JOINA&quot;},{&quot;SUBCATG_DESC&quot;:&quot;SPRING REAR COIL&quot;,&quot;SUBCATG_CODE&quot;:&quot;SUSRC&quot;},{&quot;SUBCATG_DESC&quot;:&quot;Strut Bearing&quot;,&quot;SUBCATG_CODE&quot;:&quot;FRSTB&quot;},{&quot;SUBCATG_DESC&quot;:&quot;Strut Dust Cover&quot;,&quot;SUBCATG_CODE&quot;:&quot;STDCO&quot;},{&quot;SUBCATG_DESC&quot;:&quot;Strut Mount&quot;,&quot;SUBCATG_CODE&quot;:&quot;FRSTM&quot;},{&quot;SUBCATG_DESC&quot;:&quot;Strut Stopper&quot;,&quot;SUBCATG_CODE&quot;:&quot;FRSTO&quot;},{&quot;SUBCATG_DESC&quot;:&quot;Strut Support&quot;,&quot;SUBCATG_CODE&quot;:&quot;FRSTS&quot;},{&quot;SUBCATG_DESC&quot;:&quot;Suspension Rod&quot;,&quot;SUBCATG_CODE&quot;:&quot;SUSRO&quot;}]},{&quot;CATG_DESC&quot;:&quot;Suspension Stabiliser&quot;,&quot;CATG_CODE&quot;:&quot;W_SSC&quot;,&quot;SUBCATG_DETAILS_LIST&quot;:[{&quot;SUBCATG_DESC&quot;:&quot;Bar Bushing&quot;,&quot;SUBCATG_CODE&quot;:&quot;STBBU&quot;},{&quot;SUBCATG_DESC&quot;:&quot;Bar Joint&quot;,&quot;SUBCATG_CODE&quot;:&quot;SUSBJ&quot;},{&quot;SUBCATG_DESC&quot;:&quot;Bar Mount&quot;,&quot;SUBCATG_CODE&quot;:&quot;SUSBM&quot;},{&quot;SUBCATG_DESC&quot;:&quot;Bracket Stabiliser&quot;,&quot;SUBCATG_CODE&quot;:&quot;STBRK&quot;},{&quot;SUBCATG_DESC&quot;:&quot;Stabiliser Bar&quot;,&quot;SUBCATG_CODE&quot;:&quot;SUSTB&quot;}]},{&quot;CATG_DESC&quot;:&quot;Tie Rod End&quot;,&quot;CATG_CODE&quot;:&quot;W_TRE&quot;,&quot;SUBCATG_DETAILS_LIST&quot;:[{&quot;SUBCATG_DESC&quot;:&quot;Tie Rod &amp; End&quot;,&quot;SUBCATG_CODE&quot;:&quot;STCTR&quot;}]},{&quot;CATG_DESC&quot;:&quot;Wheel Bearing&quot;,&quot;CATG_CODE&quot;:&quot;W_WBR&quot;,&quot;SUBCATG_DETAILS_LIST&quot;:[{&quot;SUBCATG_DESC&quot;:&quot;Front Wheel Bearing&quot;,&quot;SUBCATG_CODE&quot;:&quot;FRWBR&quot;},{&quot;SUBCATG_DESC&quot;:&quot;Rear Wheel Bearing&quot;,&quot;SUBCATG_CODE&quot;:&quot;RRWBR&quot;}]},{&quot;CATG_DESC&quot;:&quot;Wheel Hub &amp; Rim&quot;,&quot;CATG_CODE&quot;:&quot;W_WHR&quot;,&quot;SUBCATG_DETAILS_LIST&quot;:[{&quot;SUBCATG_DESC&quot;:&quot;Front Wheel Hub &quot;,&quot;SUBCATG_CODE&quot;:&quot;FRWHA&quot;},{&quot;SUBCATG_DESC&quot;:&quot;Rear Wheel Hub Assembly&quot;,&quot;SUBCATG_CODE&quot;:&quot;RRWHA&quot;},{&quot;SUBCATG_DESC&quot;:&quot;Tyre Valve&quot;,&quot;SUBCATG_CODE&quot;:&quot;WHTRV&quot;},{&quot;SUBCATG_DESC&quot;:&quot;Wheel Balance Weights&quot;,&quot;SUBCATG_CODE&quot;:&quot;WBLWT&quot;},{&quot;SUBCATG_DESC&quot;:&quot;Wheel Cap Covers&quot;,&quot;SUBCATG_CODE&quot;:&quot;WCACO&quot;},{&quot;SUBCATG_DESC&quot;:&quot;Wheel Hardware&quot;,&quot;SUBCATG_CODE&quot;:&quot;WHHPC&quot;},{&quot;SUBCATG_DESC&quot;:&quot;Wheel Rim&quot;,&quot;SUBCATG_CODE&quot;:&quot;WHRIM&quot;},{&quot;SUBCATG_DESC&quot;:&quot;Wheel Sensor&quot;,&quot;SUBCATG_CODE&quot;:&quot;WHSEN&quot;}]}],&quot;PARENT_CATG_CODE&quot;:&quot;P_SNB&quot;,&quot;PARENT_CATG_DESC&quot;:&quot;Suspension &amp; Braking&quot;},{&quot;categoryDetailList&quot;:[{&quot;CATG_DESC&quot;:&quot;Automatic Transmission&quot;,&quot;CATG_CODE&quot;:&quot;W_TAT&quot;,&quot;SUBCATG_DETAILS_LIST&quot;:[{&quot;SUBCATG_DESC&quot;:&quot;AT Transmission &amp; Components&quot;,&quot;SUBCATG_CODE&quot;:&quot;ATTRA&quot;}]},{&quot;CATG_DESC&quot;:&quot;Clutch&quot;,&quot;CATG_CODE&quot;:&quot;W_CLC&quot;,&quot;SUBCATG_DETAILS_LIST&quot;:[{&quot;SUBCATG_DESC&quot;:&quot;Clutch Cable&quot;,&quot;SUBCATG_CODE&quot;:&quot;CLCAB&quot;},{&quot;SUBCATG_DESC&quot;:&quot;Clutch Cover Assembly&quot;,&quot;SUBCATG_CODE&quot;:&quot;CLCOV&quot;},{&quot;SUBCATG_DESC&quot;:&quot;Clutch Disc&quot;,&quot;SUBCATG_CODE&quot;:&quot;CDISC&quot;},{&quot;SUBCATG_DESC&quot;:&quot;Clutch Pressure Set&quot;,&quot;SUBCATG_CODE&quot;:&quot;CPSET&quot;},{&quot;SUBCATG_DESC&quot;:&quot;Gear Cable&quot;,&quot;SUBCATG_CODE&quot;:&quot;CASHS&quot;}]},{&quot;CATG_DESC&quot;:&quot;Clutch Release&quot;,&quot;CATG_CODE&quot;:&quot;W_CRB&quot;,&quot;SUBCATG_DETAILS_LIST&quot;:[{&quot;SUBCATG_DESC&quot;:&quot;Arm Clutch Release&quot;,&quot;SUBCATG_CODE&quot;:&quot;CLUAR&quot;},{&quot;SUBCATG_DESC&quot;:&quot;Clutch Cylinder Assembly&quot;,&quot;SUBCATG_CODE&quot;:&quot;CLCYA&quot;},{&quot;SUBCATG_DESC&quot;:&quot;Clutch Release Bearing&quot;,&quot;SUBCATG_CODE&quot;:&quot;CLRBR&quot;}]},{&quot;CATG_DESC&quot;:&quot;Gear Shift&quot;,&quot;CATG_CODE&quot;:&quot;W_LKB&quot;,&quot;SUBCATG_DETAILS_LIST&quot;:[{&quot;SUBCATG_DESC&quot;:&quot;Boot Shift Lever&quot;,&quot;SUBCATG_CODE&quot;:&quot;GEBOL&quot;},{&quot;SUBCATG_DESC&quot;:&quot;Gear Shift Knob&quot;,&quot;SUBCATG_CODE&quot;:&quot;TGSKN&quot;},{&quot;SUBCATG_DESC&quot;:&quot;Gear Shift Lever&quot;,&quot;SUBCATG_CODE&quot;:&quot;TGSLV&quot;},{&quot;SUBCATG_DESC&quot;:&quot;Gear Shift Shaft&quot;,&quot;SUBCATG_CODE&quot;:&quot;GESSH&quot;}]},{&quot;CATG_DESC&quot;:&quot;Synchroniser&quot;,&quot;CATG_CODE&quot;:&quot;W_TSR&quot;,&quot;SUBCATG_DETAILS_LIST&quot;:[{&quot;SUBCATG_DESC&quot;:&quot;Synchroniser Ring&quot;,&quot;SUBCATG_CODE&quot;:&quot;SYNCR&quot;}]},{&quot;CATG_DESC&quot;:&quot;Transmission Case&quot;,&quot;CATG_CODE&quot;:&quot;W_TRC&quot;,&quot;SUBCATG_DETAILS_LIST&quot;:null},{&quot;CATG_DESC&quot;:&quot;Transmission Components&quot;,&quot;CATG_CODE&quot;:&quot;W_TTC&quot;,&quot;SUBCATG_DETAILS_LIST&quot;:[{&quot;SUBCATG_DESC&quot;:&quot;Actuator Assembly&quot;,&quot;SUBCATG_CODE&quot;:&quot;TACTA&quot;},{&quot;SUBCATG_DESC&quot;:&quot;Clutch Cover Bolt&quot;,&quot;SUBCATG_CODE&quot;:&quot;CCBOL&quot;},{&quot;SUBCATG_DESC&quot;:&quot;Clutch Oil Pipe&quot;,&quot;SUBCATG_CODE&quot;:&quot;CLOPI&quot;},{&quot;SUBCATG_DESC&quot;:&quot;Clutch Release Components&quot;,&quot;SUBCATG_CODE&quot;:&quot;CRFOS&quot;},{&quot;SUBCATG_DESC&quot;:&quot;Differential Components&quot;,&quot;SUBCATG_CODE&quot;:&quot;DIFCO&quot;},{&quot;SUBCATG_DESC&quot;:&quot;Drive Shaft - Intermediate&quot;,&quot;SUBCATG_CODE&quot;:&quot;DRSIN&quot;},{&quot;SUBCATG_DESC&quot;:&quot;Propeller Shaft&quot;,&quot;SUBCATG_CODE&quot;:&quot;TCPRS&quot;},{&quot;SUBCATG_DESC&quot;:&quot;Shift Lever Boot&quot;,&quot;SUBCATG_CODE&quot;:&quot;TSHLB&quot;},{&quot;SUBCATG_DESC&quot;:&quot;Transmission Assembly&quot;,&quot;SUBCATG_CODE&quot;:&quot;TRMAS&quot;},{&quot;SUBCATG_DESC&quot;:&quot;Transmission Assy a/m&quot;,&quot;SUBCATG_CODE&quot;:&quot;TCASA&quot;},{&quot;SUBCATG_DESC&quot;:&quot;Transmission Bearings&quot;,&quot;SUBCATG_CODE&quot;:&quot;TRBRG&quot;},{&quot;SUBCATG_DESC&quot;:&quot;Transmission Case&quot;,&quot;SUBCATG_CODE&quot;:&quot;TCTCA&quot;},{&quot;SUBCATG_DESC&quot;:&quot;Transmission Comp-others&quot;,&quot;SUBCATG_CODE&quot;:&quot;TCCPO&quot;},{&quot;SUBCATG_DESC&quot;:&quot;Transmission Counter Shaft&quot;,&quot;SUBCATG_CODE&quot;:&quot;TRCOS&quot;},{&quot;SUBCATG_DESC&quot;:&quot;Transmission Gear&quot;,&quot;SUBCATG_CODE&quot;:&quot;TCGEA&quot;},{&quot;SUBCATG_DESC&quot;:&quot;Transmission Hub&quot;,&quot;SUBCATG_CODE&quot;:&quot;TCHUB&quot;},{&quot;SUBCATG_DESC&quot;:&quot;Transmission Input Shaft&quot;,&quot;SUBCATG_CODE&quot;:&quot;TRSHA&quot;},{&quot;SUBCATG_DESC&quot;:&quot;Transmission Seal&quot;,&quot;SUBCATG_CODE&quot;:&quot;TRSEA&quot;}]}],&quot;PARENT_CATG_CODE&quot;:&quot;P_TRN&quot;,&quot;PARENT_CATG_DESC&quot;:&quot;Transmission&quot;}]}
">
      <![CDATA[java.lang.AssertionError: 1 expectation failed.
Response body doesn't match expectation.
Expected: The content to match the given JSON schema.
error: instance type (array) does not match any allowed primitive type (allowed: ["object"])
    level: "error"
    schema: {"loadingURI":"#","pointer":"/properties/data"}
    instance: {"pointer":"/data"}
    domain: "validation"
    keyword: "type"
    found: "array"
    expected: ["object"]
error: instance type (null) does not match any allowed primitive type (allowed: ["array"])
    level: "error"
    schema: {"loadingURI":"#","pointer":"/properties/errors"}
    instance: {"pointer":"/errors"}
    domain: "validation"
    keyword: "type"
    found: "null"
    expected: ["array"]

  Actual: {"error":false,"errors":null,"data":[{"categoryDetailList":null,"PARENT_CATG_CODE":"P_ACC","PARENT_CATG_DESC":"Accessories"},{"categoryDetailList":[{"CATG_DESC":"AC Blower & Components","CATG_CODE":"W_ACB","SUBCATG_DETAILS_LIST":[{"SUBCATG_DESC":"AC Blower","SUBCATG_CODE":"ACBLW"},{"SUBCATG_DESC":"AC Blower Components","SUBCATG_CODE":"ACBLC"}]},{"CATG_DESC":"AC Components","CATG_CODE":"W_ACS","SUBCATG_DETAILS_LIST":[{"SUBCATG_DESC":"AC Belt Tensioner","SUBCATG_CODE":"ACCBT"},{"SUBCATG_DESC":"AC Kit","SUBCATG_CODE":"ACKIT"},{"SUBCATG_DESC":"AC Sensors & Components","SUBCATG_CODE":"ACSEC"},{"SUBCATG_DESC":"AC Shroud","SUBCATG_CODE":"ACSHR"},{"SUBCATG_DESC":"Control Unit","SUBCATG_CODE":"ACCNT"},{"SUBCATG_DESC":"Cooling Unit","SUBCATG_CODE":"ACCCU"},{"SUBCATG_DESC":"Cooling Unit-Rear","SUBCATG_CODE":"ACCUR"},{"SUBCATG_DESC":"Discharge Hose","SUBCATG_CODE":"ACCDH"},{"SUBCATG_DESC":"Expansion Valve","SUBCATG_CODE":"ACCEV"},{"SUBCATG_DESC":"Fan Assembly","SUBCATG_CODE":"ACCFA"},{"SUBCATG_DESC":"Liquid Pipe","SUBCATG_CODE":"ACCLP"},{"SUBCATG_DESC":"Magnetic Clutch","SUBCATG_CODE":"ACMAG"},{"SUBCATG_DESC":"Resistor","SUBCATG_CODE":"ACCRT"},{"SUBCATG_DESC":"Side Vent","SUBCATG_CODE":"ACCSV"},{"SUBCATG_DESC":"Suction Hose","SUBCATG_CODE":"ACCSH"}]},{"CATG_DESC":"AC Compressor","CATG_CODE":"W_ACP","SUBCATG_DETAILS_LIST":[{"SUBCATG_DESC":"AC Belt","SUBCATG_CODE":"ACBEL"},{"SUBCATG_DESC":"Compressor Assembly","SUBCATG_CODE":"ACCMP"}]},{"CATG_DESC":"AC Condensor Assembly","CATG_CODE":"W_ACO","SUBCATG_DETAILS_LIST":[{"SUBCATG_DESC":"CONDENSOR ASSEMBLY","SUBCATG_CODE":"ACCON"}]},{"CATG_DESC":"AC Evaporator","CATG_CODE":"W_ACT","SUBCATG_DETAILS_LIST":[{"SUBCATG_DESC":"Evaporator","SUBCATG_CODE":"ACEVA"}]},{"CATG_DESC":"AC Heater Unit","CATG_CODE":"W_ACU","SUBCATG_DETAILS_LIST":[{"SUBCATG_DESC":"Heater Core","SUBCATG_CODE":"ACCHC"},{"SUBCATG_DESC":"Heater Unit","SUBCATG_CODE":"ACCHU"}]}],"PARENT_CATG_CODE":"P_ACG","PARENT_CATG_DESC":"Air Conditioning"},{"categoryDetailList":[{"CATG_DESC":"Body - Others","CATG_CODE":"W_BDS","SUBCATG_DETAILS_LIST":[{"SUBCATG_DESC":"Apron - Member Panel","SUBCATG_CODE":"PAAPR"},{"SUBCATG_DESC":"Carpets","SUBCATG_CODE":"CAPET"},{"SUBCATG_DESC":"Cowl -Member, Panel, Garnish","SUBCATG_CODE":"COMPG"},{"SUBCATG_DESC":"Cut Panels","SUBCATG_CODE":"CUTPA"},{"SUBCATG_DESC":"Dash Panel","SUBCATG_CODE":"DAPAN"},{"SUBCATG_DESC":"Engine Cover","SUBCATG_CODE":"ENCOV"},{"SUBCATG_DESC":"Floor Panel & Chasis","SUBCATG_CODE":"FLPAM"},{"SUBCATG_DESC":"Fuel Tank Cap","SUBCATG_CODE":"BFTCA"},{"SUBCATG_DESC":"Glove Box Parts","SUBCATG_CODE":"GLBXP"},{"SUBCATG_DESC":"Hinges","SUBCATG_CODE":"HINGE"},{"SUBCATG_DESC":"Hood Release Cable","SUBCATG_CODE":"HORCA"},{"SUBCATG_DESC":"Instrument Panel","SUBCATG_CODE":"INPAN"},{"SUBCATG_DESC":"Lamp Support","SUBCATG_CODE":"PALAS"},{"SUBCATG_DESC":"Mud Flap","SUBCATG_CODE":"MUFLA"},{"SUBCATG_DESC":"Panel - Wheel House","SUBCATG_CODE":"PAWHO"},{"SUBCATG_DESC":"Roof Lining, Molding","SUBCATG_CODE":"ROLMR"},{"SUBCATG_DESC":"Sash Component","SUBCATG_CODE":"SASHC"},{"SUBCATG_DESC":"Steering Support Member","SUBCATG_CODE":"STSUM"},{"SUBCATG_DESC":"Sunroof Components","SUBCATG_CODE":"SNRFC"},{"SUBCATG_DESC":"Trims","SUBCATG_CODE":"TRIMS"},{"SUBCATG_DESC":"Vents - Louver","SUBCATG_CODE":"VELOU"}]},{"CATG_DESC":"Body Components","CATG_CODE":"W_BDO","SUBCATG_DETAILS_LIST":[{"SUBCATG_DESC":"Auto AC Panel","SUBCATG_CODE":"BYACP"},{"SUBCATG_DESC":"Battery Bolt","SUBCATG_CODE":"BDBOL"},{"SUBCATG_DESC":"Battery Tray & Cover","SUBCATG_CODE":"BDBAT"},{"SUBCATG_DESC":"Body Part - Miscellaneous","SUBCATG_CODE":"BDYMS"},{"SUBCATG_DESC":"Door Components","SUBCATG_CODE":"DRCMP"},{"SUBCATG_DESC":"Door Knob","SUBCATG_CODE":"BDDRK"},{"SUBCATG_DESC":"Front Bumper Cap","SUBCATG_CODE":"BUMCP"},{"SUBCATG_DESC":"Garnishing ","SUBCATG_CODE":"GARBF"},{"SUBCATG_DESC":"Glass Run","SUBCATG_CODE":"BDYGR"},{"SUBCATG_DESC":"Outside Front Door Handle","SUBCATG_CODE":"OFDRH"},{"SUBCATG_DESC":"Pad","SUBCATG_CODE":"BDYPA"},{"SUBCATG_DESC":"Side Body Panels","SUBCATG_CODE":"SBPLH"},{"SUBCATG_DESC":"Weatherstrip","SUBCATG_CODE":"BDYWT"}]},{"CATG_DESC":"Body Exteriors","CATG_CODE":"W_BDE","SUBCATG_DETAILS_LIST":[{"SUBCATG_DESC":"Back Banel","SUBCATG_CODE":"BDEBP"},{"SUBCATG_DESC":"Body Exterior - Components","SUBCATG_CODE":"BDYEC"},{"SUBCATG_DESC":"Body Panel - Bonnet","SUBCATG_CODE":"BDPBT"},{"SUBCATG_DESC":"Body Panel - Dicky Door","SUBCATG_CODE":"BDPDD"},{"SUBCATG_DESC":"Body Panel - Fenders","SUBCATG_CODE":"BDPFR"},{"SUBCATG_DESC":"Body Panel - Front Doors","SUBCATG_CODE":"BDFDR"},{"SUBCATG_DESC":"Body Panel - Rear Doors","SUBCATG_CODE":"BDRDR"},{"SUBCATG_DESC":"Body Panel - Roof","SUBCATG_CODE":"BDPRO"},{"SUBCATG_DESC":"BODYSHELL","SUBCATG_CODE":"BDYSL"},{"SUBCATG_DESC":"Cross Memebr","SUBCATG_CODE":"BDYCM"},{"SUBCATG_DESC":"Door Tape","SUBCATG_CODE":"DOTAP"},{"SUBCATG_DESC":"Emblems","SUBCATG_CODE":"BDEMB"},{"SUBCATG_DESC":"Fender Linings","SUBCATG_CODE":"FENLL"},{"SUBCATG_DESC":"Quarter Panels","SUBCATG_CODE":"QTRPL"}]},{"CATG_DESC":"Body Interiors","CATG_CODE":"W_BDI","SUBCATG_DETAILS_LIST":[{"SUBCATG_DESC":"Body Interior - Components","SUBCATG_CODE":"BINTC"},{"SUBCATG_DESC":"Body Interiors - Covers","SUBCATG_CODE":"BDICO"},{"SUBCATG_DESC":"Front Door Latch","SUBCATG_CODE":"LAFDR"},{"SUBCATG_DESC":"Fuel Tank","SUBCATG_CODE":"BDFUT"},{"SUBCATG_DESC":"Glass Machine - Front Door","SUBCATG_CODE":"GMFDR"},{"SUBCATG_DESC":"Glass Machine - Rear Door","SUBCATG_CODE":"GMRDR"},{"SUBCATG_DESC":"Latch -Trunk Lid_Back Door","SUBCATG_CODE":"LATBD"},{"SUBCATG_DESC":"Rear Door Latch","SUBCATG_CODE":"LARDR"}]},{"CATG_DESC":"Bumpers & Grilles","CATG_CODE":"W_BUM","SUBCATG_DETAILS_LIST":[{"SUBCATG_DESC":"Bumper Grille","SUBCATG_CODE":"BUMGR"},{"SUBCATG_DESC":"Bumper Member","SUBCATG_CODE":"BUMME"},{"SUBCATG_DESC":"Bumper Others","SUBCATG_CODE":"BUMOT"},{"SUBCATG_DESC":"Fog Lamp Bezel","SUBCATG_CODE":"FOGLB"},{"SUBCATG_DESC":"Front Bumper","SUBCATG_CODE":"BUMFR"},{"SUBCATG_DESC":"Front Bumper Holders","SUBCATG_CODE":"FBBRR"},{"SUBCATG_DESC":"Rear Bumper","SUBCATG_CODE":"BUMRR"},{"SUBCATG_DESC":"Rear Bumper Holders","SUBCATG_CODE":"RBBRR"}]},{"CATG_DESC":"Glass & Windshield","CATG_CODE":"W_GLA","SUBCATG_DETAILS_LIST":[{"SUBCATG_DESC":"Front Windshield","SUBCATG_CODE":"GLFRW"},{"SUBCATG_DESC":"Rear Glass","SUBCATG_CODE":"GLDRR"},{"SUBCATG_DESC":"Side Door Glass","SUBCATG_CODE":"GLQDR"},{"SUBCATG_DESC":"Windshield Molding","SUBCATG_CODE":"GLAWM"}]},{"CATG_DESC":"Mirrors","CATG_CODE":"W_RVM","SUBCATG_DETAILS_LIST":[{"SUBCATG_DESC":"Inside Rear View Mirror ","SUBCATG_CODE":"RVMIN"},{"SUBCATG_DESC":"Rear View Mirror Components","SUBCATG_CODE":"RVMCP"},{"SUBCATG_DESC":"Rear View Mirrors","SUBCATG_CODE":"RVMER"},{"SUBCATG_DESC":"Sun Visor","SUBCATG_CODE":"SUVIS"}]},{"CATG_DESC":"Safety","CATG_CODE":"W_SAF","SUBCATG_DETAILS_LIST":[{"SUBCATG_DESC":"Air Bag Module","SUBCATG_CODE":"ABMCP"},{"SUBCATG_DESC":"Front Seat Belts","SUBCATG_CODE":"SBFRL"},{"SUBCATG_DESC":"Rear Seat Belts","SUBCATG_CODE":"SBREA"},{"SUBCATG_DESC":"Seat Belt (w/o Buckle) - Fr.Left","SUBCATG_CODE":"SBWOL"}]}],"PARENT_CATG_CODE":"P_BDY","PARENT_CATG_DESC":"Body"},{"categoryDetailList":[{"CATG_DESC":"Car Wash","CATG_CODE":"W_CWS","SUBCATG_DETAILS_LIST":[{"SUBCATG_DESC":"Dry Wash Liquid Foam","SUBCATG_CODE":"CNDWF"},{"SUBCATG_DESC":"Fiber Cloth","SUBCATG_CODE":"CNFBC"}]},{"CATG_DESC":"Coolant & Brake fluid","CATG_CODE":"W_FLU","SUBCATG_DETAILS_LIST":[{"SUBCATG_DESC":"Brake Fluid","SUBCATG_CODE":"BRKFL"},{"SUBCATG_DESC":"Coolant","SUBCATG_CODE":"COLRP"}]},{"CATG_DESC":"Corrosion Protection","CATG_CODE":"W_CCP","SUBCATG_DETAILS_LIST":[{"SUBCATG_DESC":"Butyl Sealing","SUBCATG_CODE":"CNBUS"},{"SUBCATG_DESC":"Hinge Relief Wax","SUBCATG_CODE":"CNHRW"},{"SUBCATG_DESC":"Rust Smash","SUBCATG_CODE":"CNRUS"}]},{"CATG_DESC":"Grease & Oil","CATG_CODE":"W_CGC","SUBCATG_DETAILS_LIST":[{"SUBCATG_DESC":"AT & CVD Fluid","SUBCATG_CODE":"CATVT"},{"SUBCATG_DESC":"Compressor Oil","SUBCATG_CODE":"CNCPO"},{"SUBCATG_DESC":"Gear Oil","SUBCATG_CODE":"GEARO"},{"SUBCATG_DESC":"Grease For Repair","SUBCATG_CODE":"CNGRE"}]},{"CATG_DESC":"Hardware","CATG_CODE":"W_CHD","SUBCATG_DETAILS_LIST":[{"SUBCATG_DESC":"Bearings","SUBCATG_CODE":"HDBRG"},{"SUBCATG_DESC":"Bolts & Screws","SUBCATG_CODE":"CNHDB"},{"SUBCATG_DESC":"Circlip","SUBCATG_CODE":"CIRCL"},{"SUBCATG_DESC":"Clamps","SUBCATG_CODE":"CNHDC"},{"SUBCATG_DESC":"Clips","SUBCATG_CODE":"CNHDI"},{"SUBCATG_DESC":"Hardware - Others","SUBCATG_CODE":"HAROT"},{"SUBCATG_DESC":"Nuts","SUBCATG_CODE":"CNHDN"},{"SUBCATG_DESC":"O Rings","SUBCATG_CODE":"HDORI"},{"SUBCATG_DESC":"Seals","SUBCATG_CODE":"TCHDS"},{"SUBCATG_DESC":"Washer","SUBCATG_CODE":"WASHE"}]},{"CATG_DESC":"Hygiene Mats","CATG_CODE":"W_CPF","SUBCATG_DETAILS_LIST":[{"SUBCATG_DESC":"Paper Floor Mat","SUBCATG_CODE":"CNPFM"}]},{"CATG_DESC":"Interior Covers","CATG_CODE":"W_CIP","SUBCATG_DETAILS_LIST":[{"SUBCATG_DESC":"Interior Protection Covers","SUBCATG_CODE":"CNIPC"}]},{"CATG_DESC":"Masking Products","CATG_CODE":"W_CMP","SUBCATG_DETAILS_LIST":[{"SUBCATG_DESC":"Body Filler","SUBCATG_CODE":"CNBDF"},{"SUBCATG_DESC":"Masking Paper","SUBCATG_CODE":"CNMAP"},{"SUBCATG_DESC":"Masking Tape","SUBCATG_CODE":"CNMAT"},{"SUBCATG_DESC":"Over Protective Sheet","SUBCATG_CODE":"CNOPS"},{"SUBCATG_DESC":"Putty Paste","SUBCATG_CODE":"CNPUT"}]},{"CATG_DESC":"Sealants & Paste","CATG_CODE":"W_CSP","SUBCATG_DETAILS_LIST":[{"SUBCATG_DESC":"3M Bond","SUBCATG_CODE":"CNTMB"},{"SUBCATG_DESC":"Anabond","SUBCATG_CODE":"CNANA"},{"SUBCATG_DESC":"Body Sealant","SUBCATG_CODE":"CNBDS"},{"SUBCATG_DESC":"Loctite","SUBCATG_CODE":"CNLOC"},{"SUBCATG_DESC":"Windshield Sealant","SUBCATG_CODE":"CNWSL"}]}],"PARENT_CATG_CODE":"P_CCC","PARENT_CATG_DESC":"Car Care"},{"categoryDetailList":[{"CATG_DESC":"Car Dicky Tools","CATG_CODE":"W_CDT","SUBCATG_DETAILS_LIST":[{"SUBCATG_DESC":"Car Jack ","SUBCATG_CODE":"JAKAC"},{"SUBCATG_DESC":"Spare Tire Components","SUBCATG_CODE":"SPTIR"}]}],"PARENT_CATG_CODE":"P_DIY","PARENT_CATG_DESC":"Do It Yourself"},{"categoryDetailList":[{"CATG_DESC":"Alternator & Starter","CATG_CODE":"W_EAS","SUBCATG_DETAILS_LIST":[{"SUBCATG_DESC":"Alternator Assembly","SUBCATG_CODE":"ALTAS"},{"SUBCATG_DESC":"Belt - Generator","SUBCATG_CODE":"BELTA"},{"SUBCATG_DESC":"Generator Bracket","SUBCATG_CODE":"AGEBR"},{"SUBCATG_DESC":"Starter Assembly","SUBCATG_CODE":"STRTA"}]},{"CATG_DESC":"Audio & Navigation System","CATG_CODE":"W_ECA","SUBCATG_DETAILS_LIST":[{"SUBCATG_DESC":"Antenna Components","SUBCATG_CODE":"ANTEC"},{"SUBCATG_DESC":"Front & Rear Camera","SUBCATG_CODE":"RRCAM"},{"SUBCATG_DESC":"Navigation Chip","SUBCATG_CODE":"NAVIC"},{"SUBCATG_DESC":"Navigation Unit Assembly","SUBCATG_CODE":"NAVUA"},{"SUBCATG_DESC":"Speaker Assembly","SUBCATG_CODE":"SPEAK"},{"SUBCATG_DESC":"Tuner Assembly","SUBCATG_CODE":"TUNRA"},{"SUBCATG_DESC":"Usb & Aux","SUBCATG_CODE":"USBAU"}]},{"CATG_DESC":"Electrical Components","CATG_CODE":"W_EEC","SUBCATG_DETAILS_LIST":[{"SUBCATG_DESC":"Battery Band","SUBCATG_CODE":"BATBA"},{"SUBCATG_DESC":"Battery Pack assy","SUBCATG_CODE":"BATPA"},{"SUBCATG_DESC":"Electrical Hardware","SUBCATG_CODE":"ELHRD"},{"SUBCATG_DESC":"Fuses","SUBCATG_CODE":"ELFUS"},{"SUBCATG_DESC":"Junction Box Assembly","SUBCATG_CODE":"ELJBO"},{"SUBCATG_DESC":"Remote Control Assembly","SUBCATG_CODE":"RECOA"},{"SUBCATG_DESC":"Siren","SUBCATG_CODE":"ELSIR"},{"SUBCATG_DESC":"Speedometer","SUBCATG_CODE":"ELSPM"},{"SUBCATG_DESC":"Terminals","SUBCATG_CODE":"ELTER"},{"SUBCATG_DESC":"Wireless Charger","SUBCATG_CODE":"WIREC"}]},{"CATG_DESC":"Horns & Relay","CATG_CODE":"W_EHR","SUBCATG_DETAILS_LIST":[{"SUBCATG_DESC":"Horns","SUBCATG_CODE":"ELHOR"},{"SUBCATG_DESC":"Relay","SUBCATG_CODE":"ELREL"},{"SUBCATG_DESC":"Relay Box Cover","SUBCATG_CODE":"REBOX"}]},{"CATG_DESC":"Ignition Components","CATG_CODE":"W_EIC","SUBCATG_DETAILS_LIST":[{"SUBCATG_DESC":"Distributor Assy","SUBCATG_CODE":"IGDIA"},{"SUBCATG_DESC":"Glow Plug Controller","SUBCATG_CODE":"IGGPC"},{"SUBCATG_DESC":"Ignition Coil","SUBCATG_CODE":"IGNCO"},{"SUBCATG_DESC":"Ignition Cord Set","SUBCATG_CODE":"IGNCH"}]},{"CATG_DESC":"Lighting","CATG_CODE":"W_ELL","SUBCATG_DETAILS_LIST":[{"SUBCATG_DESC":"Bulb - Fog & Head lamp","SUBCATG_CODE":"BULFH"},{"SUBCATG_DESC":"Bulb - Fog lamp","SUBCATG_CODE":"BULFG"},{"SUBCATG_DESC":"Bulb - Front lamp","SUBCATG_CODE":"BULFL"},{"SUBCATG_DESC":"Bulb - Indicator","SUBCATG_CODE":"BULIN"},{"SUBCATG_DESC":"Bulb - Reverse lamp","SUBCATG_CODE":"BULRL"},{"SUBCATG_DESC":"Bulb - Roof lamp","SUBCATG_CODE":"BULUL"},{"SUBCATG_DESC":"Bulb - Tail light","SUBCATG_CODE":"BULTL"},{"SUBCATG_DESC":"Bulb- Head Lamp","SUBCATG_CODE":"BULHL"},{"SUBCATG_DESC":"Fog Lamp Assembly","SUBCATG_CODE":"FOGLA"},{"SUBCATG_DESC":"Front Indicators","SUBCATG_CODE":"FINDR"},{"SUBCATG_DESC":"Head Lamps","SUBCATG_CODE":"HLLAL"},{"SUBCATG_DESC":"Interior Lighting","SUBCATG_CODE":"LIINT"},{"SUBCATG_DESC":"License Lamp","SUBCATG_CODE":"LILAM"},{"SUBCATG_DESC":"Lighting Components","SUBCATG_CODE":"LICMP"},{"SUBCATG_DESC":"Side Lamp Assy","SUBCATG_CODE":"SLAMA"},{"SUBCATG_DESC":"Stop Lamp","SUBCATG_CODE":"STPLA"},{"SUBCATG_DESC":"Tail Lamps","SUBCATG_CODE":"TALAL"}]},{"CATG_DESC":"Lock Set","CATG_CODE":"W_ELO","SUBCATG_DETAILS_LIST":[{"SUBCATG_DESC":"IGNITION KEY","SUBCATG_CODE":"KEYIG"},{"SUBCATG_DESC":"Lock Set - Steering","SUBCATG_CODE":"LOKST"}]},{"CATG_DESC":"Sensors & Switches","CATG_CODE":"W_ESW","SUBCATG_DETAILS_LIST":[{"SUBCATG_DESC":"Cam Sensor","SUBCATG_CODE":"SENCA"},{"SUBCATG_DESC":"Clutch Speed Sensor","SUBCATG_CODE":"CLSPS"},{"SUBCATG_DESC":"Combination Switch","SUBCATG_CODE":"CMBSA"},{"SUBCATG_DESC":"Door Switch","SUBCATG_CODE":"SWADR"},{"SUBCATG_DESC":"Forward Sensor","SUBCATG_CODE":"SENFS"},{"SUBCATG_DESC":"Fuel Sensor","SUBCATG_CODE":"SENFG"},{"SUBCATG_DESC":"Light Switch","SUBCATG_CODE":"SWALT"},{"SUBCATG_DESC":"Mirror Switch","SUBCATG_CODE":"SWAMR"},{"SUBCATG_DESC":"Parking & Brake Sensor","SUBCATG_CODE":"SENPS"},{"SUBCATG_DESC":"Power Window Switch","SUBCATG_CODE":"SWAPW"},{"SUBCATG_DESC":"Rain & Light Sensor","SUBCATG_CODE":"SENRL"},{"SUBCATG_DESC":"Speed Sensor","SUBCATG_CODE":"SENSP"},{"SUBCATG_DESC":"Switch Assy - Clutch","SUBCATG_CODE":"SWCLU"},{"SUBCATG_DESC":"Switch Assy - Drive","SUBCATG_CODE":"SDRIV"},{"SUBCATG_DESC":"Switch Assy - Engine Start","SUBCATG_CODE":"SWAES"},{"SUBCATG_DESC":"Switch Assy - Fuel Control","SUBCATG_CODE":"SWFCO"},{"SUBCATG_DESC":"Switch Assy - Oil Pressure","SUBCATG_CODE":"SWOPS"},{"SUBCATG_DESC":"Transmitter Switch","SUBCATG_CODE":"SWATR"}]},{"CATG_DESC":"Wipers & Components","CATG_CODE":"W_EWI","SUBCATG_DETAILS_LIST":[{"SUBCATG_DESC":"Front Wiper Blades","SUBCATG_CODE":"WIPFR"},{"SUBCATG_DESC":"Rear Wiper Blade","SUBCATG_CODE":"WIPRR"},{"SUBCATG_DESC":"Wiper - Arm & Blade","SUBCATG_CODE":"WIPAB"},{"SUBCATG_DESC":"Wiper - Washer Tank","SUBCATG_CODE":"WIPWT"},{"SUBCATG_DESC":"Wiper Blade - Rear","SUBCATG_CODE":"WIPBR"},{"SUBCATG_DESC":"Wiper Components","SUBCATG_CODE":"WIPCP"},{"SUBCATG_DESC":"Wiper Nozzle","SUBCATG_CODE":"WIPNO"}]},{"CATG_DESC":"Wiring & Controllers","CATG_CODE":"W_EWC","SUBCATG_DETAILS_LIST":[{"SUBCATG_DESC":"Battery Ground Cable","SUBCATG_CODE":"BAGCA"},{"SUBCATG_DESC":"Box Set","SUBCATG_CODE":"ELBOX"},{"SUBCATG_DESC":"Cable - Contact Coil","SUBCATG_CODE":"ELCCC"},{"SUBCATG_DESC":"Controller Air Bag","SUBCATG_CODE":"ELCAB"},{"SUBCATG_DESC":"ECM/ECU","SUBCATG_CODE":"ELECM"},{"SUBCATG_DESC":"Floor Wiring Harness","SUBCATG_CODE":"WRHFL"},{"SUBCATG_DESC":"Instrument Panel Wiring","SUBCATG_CODE":"WRHIP"},{"SUBCATG_DESC":"Speedometer Cable","SUBCATG_CODE":"SPECA"},{"SUBCATG_DESC":"Starter Motor Cable","SUBCATG_CODE":"SMOCA"},{"SUBCATG_DESC":"Wiring - Air Bag","SUBCATG_CODE":"WIRAB"},{"SUBCATG_DESC":"Wiring - Sensors","SUBCATG_CODE":"WIRSN"},{"SUBCATG_DESC":"Wiring Harness","SUBCATG_CODE":"ELWRH"}]}],"PARENT_CATG_CODE":"P_ELE","PARENT_CATG_DESC":"Electrical"},{"categoryDetailList":[{"CATG_DESC":"Engine Components","CATG_CODE":"W_ENC","SUBCATG_DETAILS_LIST":[{"SUBCATG_DESC":"Accelerator Cable","SUBCATG_CODE":"ACCAB"},{"SUBCATG_DESC":"Air Cleaner Assembly","SUBCATG_CODE":"AIRCA"},{"SUBCATG_DESC":"Cam Shaft","SUBCATG_CODE":"ENCAS"},{"SUBCATG_DESC":"Case Assembly","SUBCATG_CODE":"CASOF"},{"SUBCATG_DESC":"CNG Filter Repair Kit","SUBCATG_CODE":"CNGRK"},{"SUBCATG_DESC":"Connecting Rod","SUBCATG_CODE":"ENCOR"},{"SUBCATG_DESC":"Crankshaft","SUBCATG_CODE":"ENCRS"},{"SUBCATG_DESC":"Cylinder Block","SUBCATG_CODE":"ENCYB"},{"SUBCATG_DESC":"Cylinder Head","SUBCATG_CODE":"ENCYH"},{"SUBCATG_DESC":"Degassing Tank","SUBCATG_CODE":"DEGAT"},{"SUBCATG_DESC":"Degassing Tank Components","SUBCATG_CODE":"DECMP"},{"SUBCATG_DESC":"EGR Components","SUBCATG_CODE":"ENEGC"},{"SUBCATG_DESC":"ENGINE ASSEMBLY","SUBCATG_CODE":"ENGNE"},{"SUBCATG_DESC":"Engine Bearings","SUBCATG_CODE":"ENBRG"},{"SUBCATG_DESC":"Engine Components -Hardware","SUBCATG_CODE":"ENCHD"},{"SUBCATG_DESC":"Engine Components -Others","SUBCATG_CODE":"ENCPO"},{"SUBCATG_DESC":"Engine Gaskets","SUBCATG_CODE":"ENGKT"},{"SUBCATG_DESC":"Engine Guide Valve","SUBCATG_CODE":"ENGUV"},{"SUBCATG_DESC":"Engine Hoses","SUBCATG_CODE":"ENHOS"},{"SUBCATG_DESC":"Engine Pulley","SUBCATG_CODE":"ENPUL"},{"SUBCATG_DESC":"Oil Separator","SUBCATG_CODE":"EOSEP"},{"SUBCATG_DESC":"Piston & Piston Ring","SUBCATG_CODE":"ENPIR"},{"SUBCATG_DESC":"Rocker Arm","SUBCATG_CODE":"ENRKR"},{"SUBCATG_DESC":"Throttle Body","SUBCATG_CODE":"ENTHR"},{"SUBCATG_DESC":"Turbo Charger","SUBCATG_CODE":"TURBO"},{"SUBCATG_DESC":"Vaccum Pump","SUBCATG_CODE":"ENVAP"},{"SUBCATG_DESC":"Valves & Tappet","SUBCATG_CODE":"VALIE"}]},{"CATG_DESC":"Engine Sensors","CATG_CODE":"W_ENS","SUBCATG_DETAILS_LIST":[{"SUBCATG_DESC":"Knock Sensor","SUBCATG_CODE":"SENKN"},{"SUBCATG_DESC":"Maf Sensor","SUBCATG_CODE":"SENMF"},{"SUBCATG_DESC":"Map Sensor","SUBCATG_CODE":"SENMA"},{"SUBCATG_DESC":"Oxygen sensor","SUBCATG_CODE":"SENOX"},{"SUBCATG_DESC":"Position Sensor","SUBCATG_CODE":"CRPOS"},{"SUBCATG_DESC":"Temperature Sensor","SUBCATG_CODE":"SENTP"},{"SUBCATG_DESC":"Thermostat Components","SUBCATG_CODE":"TSTCP"}]},{"CATG_DESC":"Flywheel & Mounting","CATG_CODE":"W_EFW","SUBCATG_DETAILS_LIST":[{"SUBCATG_DESC":"Engine Mounting Front & Rear","SUBCATG_CODE":"ENMRR"},{"SUBCATG_DESC":"Engine Mounting Left","SUBCATG_CODE":"ENMOL"},{"SUBCATG_DESC":"Engine Mounting Right","SUBCATG_CODE":"ENMOR"},{"SUBCATG_DESC":"Flywheel","SUBCATG_CODE":"ENFLW"},{"SUBCATG_DESC":"Mounting Component","SUBCATG_CODE":"ENMOC"}]},{"CATG_DESC":"Fuel Injection System","CATG_CODE":"W_EFS","SUBCATG_DETAILS_LIST":[{"SUBCATG_DESC":"Fuel HP Pump Assy","SUBCATG_CODE":"ENFHP"},{"SUBCATG_DESC":"Fuel Injection - Pipe & Hose","SUBCATG_CODE":"FUPIH"},{"SUBCATG_DESC":"Fuel Injector Assy","SUBCATG_CODE":"ENFIA"},{"SUBCATG_DESC":"Fuel Pressure Regulator","SUBCATG_CODE":"FUREG"},{"SUBCATG_DESC":"Fuel Pump Assy","SUBCATG_CODE":"ENFPA"},{"SUBCATG_DESC":"Fuel Rail","SUBCATG_CODE":"ENFRL"},{"SUBCATG_DESC":"Hardware - Fuel Injection","SUBCATG_CODE":"FUHRD"}]},{"CATG_DESC":"Half Engine Assembly","CATG_CODE":"W_HAE","SUBCATG_DETAILS_LIST":[{"SUBCATG_DESC":"Half Engine - Diesel","SUBCATG_CODE":"HAEDI"},{"SUBCATG_DESC":"Half Engine - Petrol","SUBCATG_CODE":"HAEPT"}]},{"CATG_DESC":"Manifolds & Exhaust","CATG_CODE":"W_EME","SUBCATG_DETAILS_LIST":[{"SUBCATG_DESC":"Catalytic Convertor","SUBCATG_CODE":"MECAT"},{"SUBCATG_DESC":"Exhaust Manifold","SUBCATG_CODE":"MEEXH"},{"SUBCATG_DESC":"Hardware - Exhaust & Manifold","SUBCATG_CODE":"EXHAM"},{"SUBCATG_DESC":"Intake Manifold","SUBCATG_CODE":"MEINT"},{"SUBCATG_DESC":"Muffler","SUBCATG_CODE":"MEMUF"},{"SUBCATG_DESC":"Muffler Mounting","SUBCATG_CODE":"MUFMO"}]},{"CATG_DESC":"Oil Chamber & Oil Strainer","CATG_CODE":"W_OCS","SUBCATG_DETAILS_LIST":[{"SUBCATG_DESC":"Engine Oil Pan","SUBCATG_CODE":"ENOIP"},{"SUBCATG_DESC":"Oil Level Gauge","SUBCATG_CODE":"OILLG"},{"SUBCATG_DESC":"Oil Strainer ","SUBCATG_CODE":"ENOIS"}]},{"CATG_DESC":"Oil Pump & Water Pump","CATG_CODE":"W_OWP","SUBCATG_DETAILS_LIST":[{"SUBCATG_DESC":"Components - Oil /Water Pump","SUBCATG_CODE":"ENOWC"},{"SUBCATG_DESC":"Oil Pump","SUBCATG_CODE":"ENOPU"},{"SUBCATG_DESC":"Water Pump","SUBCATG_CODE":"ENWTP"}]},{"CATG_DESC":"Periodic Maintenance ","CATG_CODE":"W_PMS","SUBCATG_DETAILS_LIST":[{"SUBCATG_DESC":"Air Filter","SUBCATG_CODE":"FILTRA"},{"SUBCATG_DESC":"Drain plug & gasket","SUBCATG_CODE":"PMDPG"},{"SUBCATG_DESC":"Fuel Filter","SUBCATG_CODE":"FILFU"},{"SUBCATG_DESC":"Fuel Filter Assembly","SUBCATG_CODE":"FIFFA"},{"SUBCATG_DESC":"Glow Plug","SUBCATG_CODE":"GLOWP"},{"SUBCATG_DESC":"Oil Filter","SUBCATG_CODE":"FILOI"},{"SUBCATG_DESC":"Spark Plug","SUBCATG_CODE":"SPARK"},{"SUBCATG_DESC":"Water Pump Belt","SUBCATG_CODE":"BELWP"}]},{"CATG_DESC":"Radiators & Inter Cooler","CATG_CODE":"W_RAI","SUBCATG_DETAILS_LIST":[{"SUBCATG_DESC":"Fan Motor Assembly","SUBCATG_CODE":"RADFA"},{"SUBCATG_DESC":"Hardware - Intercooler & Radiator","SUBCATG_CODE":"RAINH"},{"SUBCATG_DESC":"Inter Cooler","SUBCATG_CODE":"ENINC"},{"SUBCATG_DESC":"Intercooler Pipe & Hose","SUBCATG_CODE":"INPIH"},{"SUBCATG_DESC":"Radiator - Fan Motor","SUBCATG_CODE":"RADFM"},{"SUBCATG_DESC":"Radiator Assembly","SUBCATG_CODE":"ENRAD"},{"SUBCATG_DESC":"Radiator Cap","SUBCATG_CODE":"RADCA"},{"SUBCATG_DESC":"Radiator Cover","SUBCATG_CODE":"RADCO"},{"SUBCATG_DESC":"Radiator Pipe & Hose","SUBCATG_CODE":"RAPIH"},{"SUBCATG_DESC":"Shroud","SUBCATG_CODE":"SHROU"}]},{"CATG_DESC":"Timing Belt & Components","CATG_CODE":"W_BTT","SUBCATG_DETAILS_LIST":[{"SUBCATG_DESC":"Timing Chain Belt","SUBCATG_CODE":"TIMCB"},{"SUBCATG_DESC":"Timing Components","SUBCATG_CODE":"TIMCO"}]}],"PARENT_CATG_CODE":"P_ENG","PARENT_CATG_DESC":"Engine"},{"categoryDetailList":[{"CATG_DESC":"Ball Joints Kit","CATG_CODE":"W_BJK","SUBCATG_DETAILS_LIST":null},{"CATG_DESC":"Damper Kit","CATG_CODE":"W_DPK","SUBCATG_DETAILS_LIST":null},{"CATG_DESC":"Engine Gasket Kit","CATG_CODE":"W_EGK","SUBCATG_DETAILS_LIST":null},{"CATG_DESC":"Filter Combo Kit - Diesel","CATG_CODE":"W_FKD","SUBCATG_DETAILS_LIST":null},{"CATG_DESC":"Filter Combo Kit - Petrol","CATG_CODE":"W_FKP","SUBCATG_DETAILS_LIST":null},{"CATG_DESC":"Repair Kits","CATG_CODE":"W_KIT","SUBCATG_DETAILS_LIST":[{"SUBCATG_DESC":"Ball Joints Kit","SUBCATG_CODE":"BAJKI"},{"SUBCATG_DESC":"Clutch Kit","SUBCATG_CODE":"CLKIT"},{"SUBCATG_DESC":"Damper Kit","SUBCATG_CODE":"DAMKI"},{"SUBCATG_DESC":"Engine Gasket Kit","SUBCATG_CODE":"EGASK"},{"SUBCATG_DESC":"Filters Combo Kit - Diesel","SUBCATG_CODE":"SKDIE"},{"SUBCATG_DESC":"Filters Combo Kit - Petrol","SUBCATG_CODE":"SKPET"},{"SUBCATG_DESC":"Leaf Spring Bush Kit","SUBCATG_CODE":"LSBKI"},{"SUBCATG_DESC":"Repair Kits - Others","SUBCATG_CODE":"SKITO"},{"SUBCATG_DESC":"Strut Bush Kit","SUBCATG_CODE":"STBKI"},{"SUBCATG_DESC":"Strut Kit","SUBCATG_CODE":"STRKI"},{"SUBCATG_DESC":"Suspension Arm Kit(lh+rh)","SUBCATG_CODE":"SUAKI"},{"SUBCATG_DESC":"Suspesion Kit (Left & Right)","SUBCATG_CODE":"SPNKI"},{"SUBCATG_DESC":"Wiper Blade Kit (Left & Right)","SUBCATG_CODE":"WIBKI"}]}],"PARENT_CATG_CODE":"P_SCP","PARENT_CATG_DESC":"Service Combo Packs"},{"categoryDetailList":[{"CATG_DESC":"Braking System","CATG_CODE":"W_BRS","SUBCATG_DETAILS_LIST":[{"SUBCATG_DESC":"ABS Actuator","SUBCATG_CODE":"SAFAA"},{"SUBCATG_DESC":"Air Bag","SUBCATG_CODE":"SAFAB"},{"SUBCATG_DESC":"Brake Booster Assembly","SUBCATG_CODE":"BRBOS"},{"SUBCATG_DESC":"Brake Caliper","SUBCATG_CODE":"FBCAL"},{"SUBCATG_DESC":"Brake Caliper Grease","SUBCATG_CODE":"BCALG"},{"SUBCATG_DESC":"Brake Drum","SUBCATG_CODE":"BRDRU"},{"SUBCATG_DESC":"Brake Master Cylinder","SUBCATG_CODE":"BRMCA"},{"SUBCATG_DESC":"Brake Pad Set","SUBCATG_CODE":"BRPAD"},{"SUBCATG_DESC":"Brake Shoe Set","SUBCATG_CODE":"BRSHE"},{"SUBCATG_DESC":"Braking Components","SUBCATG_CODE":"BRACO"},{"SUBCATG_DESC":"Caliper Pin","SUBCATG_CODE":"BRCPI"},{"SUBCATG_DESC":"Front Brake Disc","SUBCATG_CODE":"FBRDI"},{"SUBCATG_DESC":"Hand Brake Cable","SUBCATG_CODE":"CABPA"},{"SUBCATG_DESC":"Hand Brake Lever","SUBCATG_CODE":"LEBPA"},{"SUBCATG_DESC":"Rear Brake Disc","SUBCATG_CODE":"RRBDI"},{"SUBCATG_DESC":"Reservoir Cap","SUBCATG_CODE":"BRREC"},{"SUBCATG_DESC":"Sliding Pin Set","SUBCATG_CODE":"BRSLP"},{"SUBCATG_DESC":"Wheel Cylinder Assembly","SUBCATG_CODE":"WHCYA"}]},{"CATG_DESC":"Drive Shaft (Axle Assembly)","CATG_CODE":"W_DRS","SUBCATG_DETAILS_LIST":[{"SUBCATG_DESC":"Drive Shaft Boot","SUBCATG_CODE":"DRSBO"},{"SUBCATG_DESC":"Drive Shafts","SUBCATG_CODE":"FDRAL"}]},{"CATG_DESC":"Leaf Spring Suspension","CATG_CODE":"W_SUL","SUBCATG_DETAILS_LIST":[{"SUBCATG_DESC":"Leaf Spring","SUBCATG_CODE":"LESPR"},{"SUBCATG_DESC":"Leaf Spring Components","SUBCATG_CODE":"LESEA"},{"SUBCATG_DESC":"Leaf Spring Mounting","SUBCATG_CODE":"LEMOU"}]},{"CATG_DESC":"Steering Assembly","CATG_CODE":"W_STA","SUBCATG_DETAILS_LIST":[{"SUBCATG_DESC":"Steering  Column Assembly","SUBCATG_CODE":"SRCOA"},{"SUBCATG_DESC":"Steering Gear Box","SUBCATG_CODE":"STGBA"},{"SUBCATG_DESC":"Steering Shaft Assembly","SUBCATG_CODE":"STRSA"}]},{"CATG_DESC":"Steering Components","CATG_CODE":"W_STC","SUBCATG_DETAILS_LIST":[{"SUBCATG_DESC":"Bracket - Steering Gear Box","SUBCATG_CODE":"STBRA"},{"SUBCATG_DESC":"Rear Axle Nut","SUBCATG_CODE":"SRANU"},{"SUBCATG_DESC":"Steering  Boot","SUBCATG_CODE":"SRBOO"},{"SUBCATG_DESC":"Steering  Boot - Rack","SUBCATG_CODE":"SRBOR"},{"SUBCATG_DESC":"Steering  Wheel","SUBCATG_CODE":"SRWHE"},{"SUBCATG_DESC":"Steering Comp - Pinion","SUBCATG_CODE":"SRCOP"},{"SUBCATG_DESC":"Steering Comp - Plunger","SUBCATG_CODE":"SRCOG"},{"SUBCATG_DESC":"Steering Component - others","SUBCATG_CODE":"STRCP"},{"SUBCATG_DESC":"Steering Knuckle","SUBCATG_CODE":"SRKNL"},{"SUBCATG_DESC":"Steering Rack","SUBCATG_CODE":"SRRAK"},{"SUBCATG_DESC":"Steering Rack-bush","SUBCATG_CODE":"SRRAB"}]},{"CATG_DESC":"Struts Shock Absorber","CATG_CODE":"W_SSA","SUBCATG_DETAILS_LIST":[{"SUBCATG_DESC":"Front Strut Assembly","SUBCATG_CODE":"FSSAL"},{"SUBCATG_DESC":"Front Strut Set","SUBCATG_CODE":"FSSSR"},{"SUBCATG_DESC":"Rear Shock Absorber ","SUBCATG_CODE":"RSABA"}]},{"CATG_DESC":"Suspension Arms","CATG_CODE":"W_SNA","SUBCATG_DETAILS_LIST":[{"SUBCATG_DESC":"Front Suspension Arms","SUBCATG_CODE":"FSAAR"},{"SUBCATG_DESC":"Rear Suspension Arms","SUBCATG_CODE":"RSAAR"}]},{"CATG_DESC":"Suspension Axle","CATG_CODE":"W_SAX","SUBCATG_DETAILS_LIST":[{"SUBCATG_DESC":"Front Suspension Frame","SUBCATG_CODE":"FRSUF"},{"SUBCATG_DESC":"Rear Axle","SUBCATG_CODE":"SURRA"},{"SUBCATG_DESC":"Rear Suspension Beam","SUBCATG_CODE":"RRSBA"},{"SUBCATG_DESC":"Suspension Axle - Components","SUBCATG_CODE":"SUSAC"}]},{"CATG_DESC":"Suspension Components","CATG_CODE":"W_SUC","SUBCATG_DETAILS_LIST":[{"SUBCATG_DESC":"Arm Bush","SUBCATG_CODE":"SUSAB"},{"SUBCATG_DESC":"Coil Spring Components","SUBCATG_CODE":"COSPC"},{"SUBCATG_DESC":"Hardware - Suspension","SUBCATG_CODE":"SUSHD"},{"SUBCATG_DESC":"Joint Assembly","SUBCATG_CODE":"JOINA"},{"SUBCATG_DESC":"SPRING REAR COIL","SUBCATG_CODE":"SUSRC"},{"SUBCATG_DESC":"Strut Bearing","SUBCATG_CODE":"FRSTB"},{"SUBCATG_DESC":"Strut Dust Cover","SUBCATG_CODE":"STDCO"},{"SUBCATG_DESC":"Strut Mount","SUBCATG_CODE":"FRSTM"},{"SUBCATG_DESC":"Strut Stopper","SUBCATG_CODE":"FRSTO"},{"SUBCATG_DESC":"Strut Support","SUBCATG_CODE":"FRSTS"},{"SUBCATG_DESC":"Suspension Rod","SUBCATG_CODE":"SUSRO"}]},{"CATG_DESC":"Suspension Stabiliser","CATG_CODE":"W_SSC","SUBCATG_DETAILS_LIST":[{"SUBCATG_DESC":"Bar Bushing","SUBCATG_CODE":"STBBU"},{"SUBCATG_DESC":"Bar Joint","SUBCATG_CODE":"SUSBJ"},{"SUBCATG_DESC":"Bar Mount","SUBCATG_CODE":"SUSBM"},{"SUBCATG_DESC":"Bracket Stabiliser","SUBCATG_CODE":"STBRK"},{"SUBCATG_DESC":"Stabiliser Bar","SUBCATG_CODE":"SUSTB"}]},{"CATG_DESC":"Tie Rod End","CATG_CODE":"W_TRE","SUBCATG_DETAILS_LIST":[{"SUBCATG_DESC":"Tie Rod & End","SUBCATG_CODE":"STCTR"}]},{"CATG_DESC":"Wheel Bearing","CATG_CODE":"W_WBR","SUBCATG_DETAILS_LIST":[{"SUBCATG_DESC":"Front Wheel Bearing","SUBCATG_CODE":"FRWBR"},{"SUBCATG_DESC":"Rear Wheel Bearing","SUBCATG_CODE":"RRWBR"}]},{"CATG_DESC":"Wheel Hub & Rim","CATG_CODE":"W_WHR","SUBCATG_DETAILS_LIST":[{"SUBCATG_DESC":"Front Wheel Hub ","SUBCATG_CODE":"FRWHA"},{"SUBCATG_DESC":"Rear Wheel Hub Assembly","SUBCATG_CODE":"RRWHA"},{"SUBCATG_DESC":"Tyre Valve","SUBCATG_CODE":"WHTRV"},{"SUBCATG_DESC":"Wheel Balance Weights","SUBCATG_CODE":"WBLWT"},{"SUBCATG_DESC":"Wheel Cap Covers","SUBCATG_CODE":"WCACO"},{"SUBCATG_DESC":"Wheel Hardware","SUBCATG_CODE":"WHHPC"},{"SUBCATG_DESC":"Wheel Rim","SUBCATG_CODE":"WHRIM"},{"SUBCATG_DESC":"Wheel Sensor","SUBCATG_CODE":"WHSEN"}]}],"PARENT_CATG_CODE":"P_SNB","PARENT_CATG_DESC":"Suspension & Braking"},{"categoryDetailList":[{"CATG_DESC":"Automatic Transmission","CATG_CODE":"W_TAT","SUBCATG_DETAILS_LIST":[{"SUBCATG_DESC":"AT Transmission & Components","SUBCATG_CODE":"ATTRA"}]},{"CATG_DESC":"Clutch","CATG_CODE":"W_CLC","SUBCATG_DETAILS_LIST":[{"SUBCATG_DESC":"Clutch Cable","SUBCATG_CODE":"CLCAB"},{"SUBCATG_DESC":"Clutch Cover Assembly","SUBCATG_CODE":"CLCOV"},{"SUBCATG_DESC":"Clutch Disc","SUBCATG_CODE":"CDISC"},{"SUBCATG_DESC":"Clutch Pressure Set","SUBCATG_CODE":"CPSET"},{"SUBCATG_DESC":"Gear Cable","SUBCATG_CODE":"CASHS"}]},{"CATG_DESC":"Clutch Release","CATG_CODE":"W_CRB","SUBCATG_DETAILS_LIST":[{"SUBCATG_DESC":"Arm Clutch Release","SUBCATG_CODE":"CLUAR"},{"SUBCATG_DESC":"Clutch Cylinder Assembly","SUBCATG_CODE":"CLCYA"},{"SUBCATG_DESC":"Clutch Release Bearing","SUBCATG_CODE":"CLRBR"}]},{"CATG_DESC":"Gear Shift","CATG_CODE":"W_LKB","SUBCATG_DETAILS_LIST":[{"SUBCATG_DESC":"Boot Shift Lever","SUBCATG_CODE":"GEBOL"},{"SUBCATG_DESC":"Gear Shift Knob","SUBCATG_CODE":"TGSKN"},{"SUBCATG_DESC":"Gear Shift Lever","SUBCATG_CODE":"TGSLV"},{"SUBCATG_DESC":"Gear Shift Shaft","SUBCATG_CODE":"GESSH"}]},{"CATG_DESC":"Synchroniser","CATG_CODE":"W_TSR","SUBCATG_DETAILS_LIST":[{"SUBCATG_DESC":"Synchroniser Ring","SUBCATG_CODE":"SYNCR"}]},{"CATG_DESC":"Transmission Case","CATG_CODE":"W_TRC","SUBCATG_DETAILS_LIST":null},{"CATG_DESC":"Transmission Components","CATG_CODE":"W_TTC","SUBCATG_DETAILS_LIST":[{"SUBCATG_DESC":"Actuator Assembly","SUBCATG_CODE":"TACTA"},{"SUBCATG_DESC":"Clutch Cover Bolt","SUBCATG_CODE":"CCBOL"},{"SUBCATG_DESC":"Clutch Oil Pipe","SUBCATG_CODE":"CLOPI"},{"SUBCATG_DESC":"Clutch Release Components","SUBCATG_CODE":"CRFOS"},{"SUBCATG_DESC":"Differential Components","SUBCATG_CODE":"DIFCO"},{"SUBCATG_DESC":"Drive Shaft - Intermediate","SUBCATG_CODE":"DRSIN"},{"SUBCATG_DESC":"Propeller Shaft","SUBCATG_CODE":"TCPRS"},{"SUBCATG_DESC":"Shift Lever Boot","SUBCATG_CODE":"TSHLB"},{"SUBCATG_DESC":"Transmission Assembly","SUBCATG_CODE":"TRMAS"},{"SUBCATG_DESC":"Transmission Assy a/m","SUBCATG_CODE":"TCASA"},{"SUBCATG_DESC":"Transmission Bearings","SUBCATG_CODE":"TRBRG"},{"SUBCATG_DESC":"Transmission Case","SUBCATG_CODE":"TCTCA"},{"SUBCATG_DESC":"Transmission Comp-others","SUBCATG_CODE":"TCCPO"},{"SUBCATG_DESC":"Transmission Counter Shaft","SUBCATG_CODE":"TRCOS"},{"SUBCATG_DESC":"Transmission Gear","SUBCATG_CODE":"TCGEA"},{"SUBCATG_DESC":"Transmission Hub","SUBCATG_CODE":"TCHUB"},{"SUBCATG_DESC":"Transmission Input Shaft","SUBCATG_CODE":"TRSHA"},{"SUBCATG_DESC":"Transmission Seal","SUBCATG_CODE":"TRSEA"}]}],"PARENT_CATG_CODE":"P_TRN","PARENT_CATG_DESC":"Transmission"}]}

at sun.reflect.NativeConstructorAccessorImpl.newInstance0(Native Method)
at sun.reflect.NativeConstructorAccessorImpl.newInstance(NativeConstructorAccessorImpl.java:62)
at sun.reflect.DelegatingConstructorAccessorImpl.newInstance(DelegatingConstructorAccessorImpl.java:45)
at java.lang.reflect.Constructor.newInstance(Constructor.java:423)
at org.codehaus.groovy.reflection.CachedConstructor.invoke(CachedConstructor.java:72)
at org.codehaus.groovy.reflection.CachedConstructor.doConstructorInvoke(CachedConstructor.java:59)
at org.codehaus.groovy.runtime.callsite.ConstructorSite$ConstructorSiteNoUnwrap.callConstructor(ConstructorSite.java:84)
at org.codehaus.groovy.runtime.callsite.CallSiteArray.defaultCallConstructor(CallSiteArray.java:59)
at org.codehaus.groovy.runtime.callsite.AbstractCallSite.callConstructor(AbstractCallSite.java:263)
at org.codehaus.groovy.runtime.callsite.AbstractCallSite.callConstructor(AbstractCallSite.java:277)
at io.restassured.internal.ResponseSpecificationImpl$HamcrestAssertionClosure.validate(ResponseSpecificationImpl.groovy:493)
at io.restassured.internal.ResponseSpecificationImpl$HamcrestAssertionClosure$validate$1.call(Unknown Source)
at org.codehaus.groovy.runtime.callsite.CallSiteArray.defaultCall(CallSiteArray.java:47)
at org.codehaus.groovy.runtime.callsite.AbstractCallSite.call(AbstractCallSite.java:125)
at org.codehaus.groovy.runtime.callsite.AbstractCallSite.call(AbstractCallSite.java:139)
at io.restassured.internal.ResponseSpecificationImpl.validateResponseIfRequired(ResponseSpecificationImpl.groovy:674)
at sun.reflect.NativeMethodAccessorImpl.invoke0(Native Method)
at sun.reflect.NativeMethodAccessorImpl.invoke(NativeMethodAccessorImpl.java:62)
at sun.reflect.DelegatingMethodAccessorImpl.invoke(DelegatingMethodAccessorImpl.java:43)
at java.lang.reflect.Method.invoke(Method.java:498)
at org.codehaus.groovy.runtime.callsite.PlainObjectMetaMethodSite.doInvoke(PlainObjectMetaMethodSite.java:43)
at org.codehaus.groovy.runtime.callsite.PogoMetaMethodSite$PogoCachedMethodSiteNoUnwrapNoCoerce.invoke(PogoMetaMethodSite.java:193)
at org.codehaus.groovy.runtime.callsite.PogoMetaMethodSite.callCurrent(PogoMetaMethodSite.java:61)
at org.codehaus.groovy.runtime.callsite.CallSiteArray.defaultCallCurrent(CallSiteArray.java:51)
at org.codehaus.groovy.runtime.callsite.AbstractCallSite.callCurrent(AbstractCallSite.java:171)
at org.codehaus.groovy.runtime.callsite.AbstractCallSite.callCurrent(AbstractCallSite.java:185)
at io.restassured.internal.ResponseSpecificationImpl.body(ResponseSpecificationImpl.groovy:98)
at io.restassured.internal.ValidatableResponseOptionsImpl.body(ValidatableResponseOptionsImpl.java:238)
at io.restassured.internal.ValidatableResponseImpl.super$2$body(ValidatableResponseImpl.groovy)
at sun.reflect.NativeMethodAccessorImpl.invoke0(Native Method)
at sun.reflect.NativeMethodAccessorImpl.invoke(NativeMethodAccessorImpl.java:62)
at sun.reflect.DelegatingMethodAccessorImpl.invoke(DelegatingMethodAccessorImpl.java:43)
at java.lang.reflect.Method.invoke(Method.java:498)
at org.codehaus.groovy.reflection.CachedMethod.invoke(CachedMethod.java:107)
at groovy.lang.MetaMethod.doMethodInvoke(MetaMethod.java:323)
at groovy.lang.MetaClassImpl.invokeMethod(MetaClassImpl.java:1268)
at org.codehaus.groovy.runtime.ScriptBytecodeAdapter.invokeMethodOnSuperN(ScriptBytecodeAdapter.java:144)
at io.restassured.internal.ValidatableResponseImpl.body(ValidatableResponseImpl.groovy:293)
at io.restassured.internal.ValidatableResponseImpl.body(ValidatableResponseImpl.groovy)
at api.test.CategoryTreeTest.VerifyCateforyTreeSchema(CategoryTreeTest.java:154)
at sun.reflect.NativeMethodAccessorImpl.invoke0(Native Method)
at sun.reflect.NativeMethodAccessorImpl.invoke(NativeMethodAccessorImpl.java:62)
at sun.reflect.DelegatingMethodAccessorImpl.invoke(DelegatingMethodAccessorImpl.java:43)
at java.lang.reflect.Method.invoke(Method.java:498)
at org.testng.internal.MethodInvocationHelper.invokeMethod(MethodInvocationHelper.java:133)
at org.testng.internal.TestInvoker.invokeMethod(TestInvoker.java:598)
at org.testng.internal.TestInvoker.invokeTestMethod(TestInvoker.java:173)
at org.testng.internal.MethodRunner.runInSequence(MethodRunner.java:46)
at org.testng.internal.TestInvoker$MethodInvocationAgent.invoke(TestInvoker.java:824)
at org.testng.internal.TestInvoker.invokeTestMethods(TestInvoker.java:146)
at org.testng.internal.TestMethodWorker.invokeTestMethods(TestMethodWorker.java:146)
at org.testng.internal.TestMethodWorker.run(TestMethodWorker.java:128)
at java.util.ArrayList.forEach(ArrayList.java:1257)
at org.testng.TestRunner.privateRun(TestRunner.java:794)
at org.testng.TestRunner.run(TestRunner.java:596)
at org.testng.SuiteRunner.runTest(SuiteRunner.java:377)
at org.testng.SuiteRunner.runSequentially(SuiteRunner.java:371)
at org.testng.SuiteRunner.privateRun(SuiteRunner.java:332)
at org.testng.SuiteRunner.run(SuiteRunner.java:276)
at org.testng.SuiteRunnerWorker.runSuite(SuiteRunnerWorker.java:53)
at org.testng.SuiteRunnerWorker.run(SuiteRunnerWorker.java:96)
at org.testng.TestNG.runSuitesSequentially(TestNG.java:1212)
at org.testng.TestNG.runSuitesLocally(TestNG.java:1134)
at org.testng.TestNG.runSuites(TestNG.java:1063)
at org.testng.TestNG.run(TestNG.java:1031)
at org.testng.remote.AbstractRemoteTestNG.run(AbstractRemoteTestNG.java:115)
at org.testng.remote.RemoteTestNG.initAndRun(RemoteTestNG.java:251)
at org.testng.remote.RemoteTestNG.main(RemoteTestNG.java:77)
]]>
    </failure>
  </testcase> <!-- VerifyCateforyTreeSchema -->
  <system-out/>
</testsuite> <!-- api.test.CategoryTreeTest -->
