<?xml version="1.0" encoding="UTF-8"?>
<!-- Generated by org.testng.reporters.JUnitReportReporter -->
<testsuite skipped="0" hostname="AvinashMacBook-Air.local" name="api.test.ProductDetailTest" tests="1" failures="0" timestamp="2024-02-12T12:25:52 IST" time="3.811" errors="0">
  <testcase name="VerifyCategoryTreeStatusCodeWithInvalidData" time="3.811" classname="api.test.ProductDetailTest"/>
  <system-out/>
</testsuite> <!-- api.test.ProductDetailTest -->
