<?xml version="1.0" encoding="UTF-8"?>
<!-- Generated by org.testng.reporters.JUnitReportReporter -->
<testsuite skipped="0" hostname="AvinashMacBook-Air.local" name="api.test.Authentication_Login_With_MobNo" tests="6" failures="0" timestamp="2024-06-28T10:14:33 IST" time="11.540" errors="0">
  <testcase name="validateLoginWith_MSPIN_ResponseCodeWithValidMobNo" time="1.480" classname="api.test.Authentication_Login_With_MobNo"/>
  <system-out/>
  <testcase name="validateLoginWith_MobNO_ResponseCodeWithValidMobNo" time="1.696" classname="api.test.Authentication_Login_With_MobNo"/>
  <system-out/>
  <testcase name="validateLoginWithNo_errorCode_With_InvalidMobNo" time="1.037" classname="api.test.Authentication_Login_With_MobNo"/>
  <system-out/>
  <testcase name="validateLoginWithNo_errorCode_With_InvalidMSPIN" time="3.583" classname="api.test.Authentication_Login_With_MobNo"/>
  <system-out/>
  <testcase name="validateLoginWithNo_errorCode_errorMsg_WithValidMobNo" time="1.528" classname="api.test.Authentication_Login_With_MobNo"/>
  <system-out/>
  <testcase name="validateLoginWithNo_errorCode_errorMsg_WithValidMSPIN" time="2.216" classname="api.test.Authentication_Login_With_MobNo"/>
  <system-out/>
</testsuite> <!-- api.test.Authentication_Login_With_MobNo -->
