<?xml version="1.0" encoding="UTF-8"?>
<!-- Generated by org.testng.reporters.JUnitReportReporter -->
<testsuite skipped="0" hostname="AvinashMacBook-Air.local" name="api.test.CityMaster" tests="1" failures="0" timestamp="2024-07-10T09:47:43 IST" time="3.444" errors="0">
  <testcase name="validateCityMasterResponseCode" time="3.444" classname="api.test.CityMaster"/>
  <system-out/>
</testsuite> <!-- api.test.CityMaster -->
