<?xml version="1.0" encoding="UTF-8"?>
<!-- Generated by org.testng.reporters.JUnitReportReporter -->
<testsuite skipped="0" hostname="AvinashMacBook-Air.local" name="api.test.SearchProductListTest" tests="1" failures="0" timestamp="2024-07-10T09:47:43 IST" time="0.903" errors="0">
  <testcase name="verifySerchProductListStatusCodeWithValidData" time="0.903" classname="api.test.SearchProductListTest"/>
  <system-out/>
</testsuite> <!-- api.test.SearchProductListTest -->
