<?xml version="1.0" encoding="UTF-8"?>
<!-- Generated by org.testng.reporters.JUnitReportReporter -->
<testsuite skipped="0" hostname="AvinashMacBook-Air.local" name="api.test.ModelTreeTest" tests="1" failures="0" timestamp="2024-01-25T18:38:25 IST" time="2.847" errors="0">
  <testcase name="VerifyCategoryTreeStatusCodeWithValidData" time="2.847" classname="api.test.ModelTreeTest"/>
  <system-out/>
</testsuite> <!-- api.test.ModelTreeTest -->
