<?xml version="1.0" encoding="UTF-8"?>
<!-- Generated by org.testng.reporters.JUnitReportReporter -->
<testsuite skipped="0" hostname="AvinashMacBook-Air.local" name="api.test.Authenticate_Validate_Otp" tests="1" failures="0" timestamp="2024-07-01T13:26:44 IST" time="4.394" errors="0">
  <testcase name="validateOTP_PartyDetails_withvalidMobNo_ValidOTP" time="4.394" classname="api.test.Authenticate_Validate_Otp"/>
  <system-out/>
</testsuite> <!-- api.test.Authenticate_Validate_Otp -->
