<?xml version="1.0" encoding="UTF-8"?>
<!-- Generated by org.testng.reporters.JUnitReportReporter -->
<testsuite skipped="0" hostname="AvinashMacBook-Air.local" name="api.test.Authentication_Login" tests="6" failures="0" timestamp="2024-06-28T17:39:45 IST" time="11.883" errors="0">
  <testcase name="validateLoginWith_MSPIN_ResponseCodeWithValidMobNo" time="2.058" classname="api.test.Authentication_Login"/>
  <system-out/>
  <testcase name="validateLoginWith_MobNO_ResponseCodeWithValidMobNo" time="1.397" classname="api.test.Authentication_Login"/>
  <system-out/>
  <testcase name="validateLoginWithNo_errorCode_With_InvalidMobNo" time="1.104" classname="api.test.Authentication_Login"/>
  <system-out/>
  <testcase name="validateLoginWithNo_errorCode_With_InvalidMSPIN" time="3.858" classname="api.test.Authentication_Login"/>
  <system-out/>
  <testcase name="validateLoginWithNo_errorCode_errorMsg_WithValidMobNo" time="1.771" classname="api.test.Authentication_Login"/>
  <system-out/>
  <testcase name="validateLoginWithNo_errorCode_errorMsg_WithValidMSPIN" time="1.695" classname="api.test.Authentication_Login"/>
  <system-out/>
</testsuite> <!-- api.test.Authentication_Login -->
