<?xml version="1.0" encoding="UTF-8"?>
<!-- Generated by org.testng.reporters.JUnitReportReporter -->
<testsuite skipped="0" hostname="AvinashMacBook-Air.local" name="api.test.StateMasterTest" tests="1" failures="0" timestamp="2024-07-10T09:47:43 IST" time="0.172" errors="0">
  <testcase name="validateStateMasterResponseCode" time="0.172" classname="api.test.StateMasterTest"/>
  <system-out/>
</testsuite> <!-- api.test.StateMasterTest -->
