<?xml version="1.0" encoding="UTF-8"?>
<!-- Generated by org.testng.reporters.JUnitReportReporter -->
<testsuite skipped="0" hostname="AvinashMacBook-Air.local" name="api.test.SelectParty" tests="1" failures="0" timestamp="2024-07-10T09:47:43 IST" time="0.433" errors="0">
  <testcase name="validateSelectParty_Statuscode" time="0.433" classname="api.test.SelectParty"/>
  <system-out/>
</testsuite> <!-- api.test.SelectParty -->
