<?xml version="1.0" encoding="UTF-8"?>
<!-- Generated by org.testng.reporters.JUnitReportReporter -->
<testsuite skipped="0" hostname="AvinashMacBook-Air.local" name="api.test.CompatibleCar" tests="1" failures="0" timestamp="2023-10-20T12:21:51 IST" time="3.552" errors="0">
  <testcase name="VerifyCompatibleCarStatusCodewithValidData" time="3.552" classname="api.test.CompatibleCar"/>
  <system-out/>
</testsuite> <!-- api.test.CompatibleCar -->
