<?xml version="1.0" encoding="UTF-8"?>
<!-- Generated by org.testng.reporters.JUnitReportReporter -->
<testsuite skipped="0" hostname="AvinashMacBook-Air.local" name="api.test.Authenticate_Validate_Otp" tests="1" failures="0" timestamp="2024-07-10T09:47:43 IST" time="0.809" errors="0">
  <testcase name="validateOTP_ResponseCode_withvalidMobNo_ValidOTP" time="0.809" classname="api.test.Authenticate_Validate_Otp"/>
  <system-out/>
</testsuite> <!-- api.test.Authenticate_Validate_Otp -->
