<?xml version="1.0" encoding="UTF-8"?>
<!-- Generated by org.testng.reporters.JUnitReportReporter -->
<testsuite skipped="0" hostname="AvinashMacBook-Air.local" name="api.test.SelectParty" tests="1" failures="0" timestamp="2024-07-02T10:27:32 IST" time="2.653" errors="0">
  <testcase name="validateSelectParty_ResponseTime" time="2.653" classname="api.test.SelectParty"/>
  <system-out/>
</testsuite> <!-- api.test.SelectParty -->
