<?xml version="1.0" encoding="UTF-8"?>
<!-- Generated by org.testng.reporters.JUnitReportReporter -->
<testsuite skipped="0" hostname="AvinashMacBook-Air.local" name="api.test.EnquiryHistoryTest" tests="1" failures="0" timestamp="2024-07-10T11:28:30 IST" time="3.218" errors="0">
  <testcase name="validateEnquiryHistoryErrorwithInvalidDealerMapCode" time="3.218" classname="api.test.EnquiryHistoryTest"/>
  <system-out/>
</testsuite> <!-- api.test.EnquiryHistoryTest -->
