<?xml version="1.0" encoding="UTF-8"?>
<!-- Generated by org.testng.reporters.JUnitReportReporter -->
<testsuite skipped="0" hostname="AvinashMacBook-Air.local" name="api.test.CompatibleCar" tests="1" failures="0" timestamp="2024-03-15T14:00:41 IST" time="2.614" errors="0">
  <testcase name="VerifyCompatibleCarStatusCodewithValidData" time="2.614" classname="api.test.CompatibleCar"/>
  <system-out/>
</testsuite> <!-- api.test.CompatibleCar -->
