<?xml version="1.0" encoding="UTF-8"?>
<!-- Generated by org.testng.reporters.JUnitReportReporter -->
<testsuite skipped="0" hostname="AvinashMacBook-Air.local" name="api.test.PartCompatibilityTest" tests="9" failures="0" timestamp="2023-10-20T21:43:22 IST" time="8.441" errors="0">
  <testcase name="VerifyErrorSatusWithValidData" time="0.597" classname="api.test.PartCompatibilityTest"/>
  <system-out/>
  <testcase name="VerifyCompatibleflagWith_ValidpartNum_InvalidregNo" time="0.908" classname="api.test.PartCompatibilityTest"/>
  <system-out/>
  <testcase name="VerifyResponseCodeWithValidData" time="0.480" classname="api.test.PartCompatibilityTest"/>
  <system-out/>
  <testcase name="VerifyResponseCodeWithoutregNumParam" time="0.579" classname="api.test.PartCompatibilityTest"/>
  <system-out/>
  <testcase name="VerifyErrorsSatusWithValidData" time="0.443" classname="api.test.PartCompatibilityTest"/>
  <system-out/>
  <testcase name="VerifyCompatibleflagWith_InvalidpartNum_ValidregNo" time="3.420" classname="api.test.PartCompatibilityTest"/>
  <system-out/>
  <testcase name="VerifyResponseCodeWithoutpartNumParam" time="0.879" classname="api.test.PartCompatibilityTest"/>
  <system-out/>
  <testcase name="VerifyCompatibleflagWith_ValidpartNum_ValidregNo" time="0.518" classname="api.test.PartCompatibilityTest"/>
  <system-out/>
  <testcase name="VerifyResponseCodeWithoutpartNumAndregNumParam" time="0.617" classname="api.test.PartCompatibilityTest"/>
  <system-out/>
</testsuite> <!-- api.test.PartCompatibilityTest -->
