<?xml version="1.0" encoding="UTF-8"?>
<!-- Generated by org.testng.reporters.JUnitReportReporter -->
<testsuite skipped="0" hostname="AvinashMacBook-Air.local" name="api.test.CategoryTreeTest" tests="5" failures="0" timestamp="2023-10-06T15:40:10 IST" time="4.737" errors="0">
  <testcase name="VerifyCategoryTreeWithInvalidQueryParameter" time="0.391" classname="api.test.CategoryTreeTest"/>
  <system-out/>
  <testcase name="VerifyCategoryTreeWithoutQueryParameter" time="0.317" classname="api.test.CategoryTreeTest"/>
  <system-out/>
  <testcase name="VerifyStatusCode" time="0.462" classname="api.test.CategoryTreeTest"/>
  <system-out/>
  <testcase name="VerifyErrorCodeAndErrorMessageWithInvalidQueryParameter" time="0.290" classname="api.test.CategoryTreeTest"/>
  <system-out/>
  <testcase name="Verify" time="3.277" classname="api.test.CategoryTreeTest"/>
  <system-out/>
</testsuite> <!-- api.test.CategoryTreeTest -->
