<?xml version="1.0" encoding="UTF-8"?>
<!-- Generated by org.testng.reporters.JUnitReportReporter -->
<testsuite skipped="0" hostname="AvinashMacBook-Air.local" name="api.test.GlobalSearch" tests="1" failures="0" timestamp="2024-07-10T09:47:43 IST" time="2.096" errors="0">
  <testcase name="validateGlobalSearch_ResponseCode_withvalidQuerry" time="2.096" classname="api.test.GlobalSearch"/>
  <system-out/>
</testsuite> <!-- api.test.GlobalSearch -->
