<?xml version="1.0" encoding="UTF-8"?>
<!-- Generated by org.testng.reporters.JUnitReportReporter -->
<testsuite skipped="0" hostname="AvinashMacBook-Air.local" name="api.utilities.Test" tests="1" failures="0" timestamp="2024-06-27T09:25:00 IST" time="3.429" errors="0">
  <testcase name="validateLoginWithNoResponseCodeWithValidMobNo" time="3.429" classname="api.utilities.Test"/>
  <system-out/>
</testsuite> <!-- api.utilities.Test -->
