<?xml version="1.0" encoding="UTF-8"?>
<!-- Generated by org.testng.reporters.JUnitReportReporter -->
<testsuite skipped="0" hostname="AvinashMacBook-Air.local" name="api.test.CategoryTreeTest" tests="5" failures="0" timestamp="2023-10-06T14:13:52 IST" time="3.685" errors="0">
  <testcase name="Verify" time="2.547" classname="api.test.CategoryTreeTest"/>
  <system-out/>
  <testcase name="VerifyCategoryTreeWithInvalidQueryParameter" time="0.253" classname="api.test.CategoryTreeTest"/>
  <system-out/>
  <testcase name="VerifyErrorCodeAndErrorMessageWithInvalidQueryParameter" time="0.244" classname="api.test.CategoryTreeTest"/>
  <system-out/>
  <testcase name="VerifyStatusCode" time="0.441" classname="api.test.CategoryTreeTest"/>
  <system-out/>
  <testcase name="VerifyCategoryTreeWithoutQueryParameter" time="0.200" classname="api.test.CategoryTreeTest"/>
  <system-out/>
</testsuite> <!-- api.test.CategoryTreeTest -->
